{"/Users/zeinabtoure/Desktop/zeycake/backend/src/controllers/authController.js": {"path":"/Users/zeinabtoure/Desktop/zeycake/backend/src/controllers/authController.js","statementMap":{"0":{"start":{"line":1,"column":15},"end":{"line":1,"column":34}},"1":{"start":{"line":2,"column":12},"end":{"line":2,"column":35}},"2":{"start":{"line":3,"column":13},"end":{"line":3,"column":38}},"3":{"start":{"line":4,"column":13},"end":{"line":4,"column":38}},"4":{"start":{"line":6,"column":0},"end":{"line":36,"column":2}},"5":{"start":{"line":7,"column":2},"end":{"line":35,"column":3}},"6":{"start":{"line":8,"column":43},"end":{"line":8,"column":51}},"7":{"start":{"line":11,"column":25},"end":{"line":11,"column":54}},"8":{"start":{"line":12,"column":4},"end":{"line":14,"column":5}},"9":{"start":{"line":13,"column":6},"end":{"line":13,"column":77}},"10":{"start":{"line":16,"column":27},"end":{"line":16,"column":58}},"11":{"start":{"line":18,"column":20},"end":{"line":24,"column":6}},"12":{"start":{"line":26,"column":4},"end":{"line":26,"column":25}},"13":{"start":{"line":28,"column":4},"end":{"line":31,"column":5}},"14":{"start":{"line":34,"column":4},"end":{"line":34,"column":83}},"15":{"start":{"line":38,"column":0},"end":{"line":69,"column":2}},"16":{"start":{"line":39,"column":2},"end":{"line":68,"column":3}},"17":{"start":{"line":40,"column":4},"end":{"line":40,"column":62}},"18":{"start":{"line":41,"column":32},"end":{"line":41,"column":40}},"19":{"start":{"line":42,"column":17},"end":{"line":42,"column":46}},"20":{"start":{"line":45,"column":4},"end":{"line":47,"column":3}},"21":{"start":{"line":46,"column":6},"end":{"line":46,"column":82}},"22":{"start":{"line":48,"column":20},"end":{"line":48,"column":65}},"23":{"start":{"line":50,"column":4},"end":{"line":52,"column":5}},"24":{"start":{"line":51,"column":6},"end":{"line":51,"column":82}},"25":{"start":{"line":53,"column":18},"end":{"line":57,"column":5}},"26":{"start":{"line":58,"column":4},"end":{"line":65,"column":7}},"27":{"start":{"line":67,"column":4},"end":{"line":67,"column":83}}},"fnMap":{"0":{"name":"(anonymous_0)","decl":{"start":{"line":6,"column":19},"end":{"line":6,"column":20}},"loc":{"start":{"line":6,"column":39},"end":{"line":36,"column":1}},"line":6},"1":{"name":"(anonymous_1)","decl":{"start":{"line":38,"column":16},"end":{"line":38,"column":17}},"loc":{"start":{"line":38,"column":36},"end":{"line":69,"column":1}},"line":38}},"branchMap":{"0":{"loc":{"start":{"line":12,"column":4},"end":{"line":14,"column":5}},"type":"if","locations":[{"start":{"line":12,"column":4},"end":{"line":14,"column":5}},{"start":{},"end":{}}],"line":12},"1":{"loc":{"start":{"line":45,"column":4},"end":{"line":47,"column":3}},"type":"if","locations":[{"start":{"line":45,"column":4},"end":{"line":47,"column":3}},{"start":{},"end":{}}],"line":45},"2":{"loc":{"start":{"line":50,"column":4},"end":{"line":52,"column":5}},"type":"if","locations":[{"start":{"line":50,"column":4},"end":{"line":52,"column":5}},{"start":{},"end":{}}],"line":50},"3":{"loc":{"start":{"line":56,"column":19},"end":{"line":56,"column":53}},"type":"binary-expr","locations":[{"start":{"line":56,"column":19},"end":{"line":56,"column":45}},{"start":{"line":56,"column":49},"end":{"line":56,"column":53}}],"line":56}},"s":{"0":5,"1":5,"2":5,"3":5,"4":5,"5":8,"6":8,"7":8,"8":8,"9":3,"10":5,"11":5,"12":5,"13":5,"14":0,"15":5,"16":7,"17":7,"18":7,"19":7,"20":7,"21":1,"22":6,"23":6,"24":1,"25":5,"26":5,"27":0},"f":{"0":8,"1":7},"b":{"0":[3,5],"1":[1,6],"2":[1,5],"3":[5,0]},"_coverageSchema":"1a1c01bbd47fc00a2c39e90264f33305004495a9","hash":"44776c77a337ebd18d247f24eb00b1ce5f29ced1"}
,"/Users/zeinabtoure/Desktop/zeycake/backend/src/controllers/commandesController.js": {"path":"/Users/zeinabtoure/Desktop/zeycake/backend/src/controllers/commandesController.js","statementMap":{"0":{"start":{"line":1,"column":17},"end":{"line":1,"column":36}},"1":{"start":{"line":2,"column":17},"end":{"line":2,"column":47}},"2":{"start":{"line":5,"column":0},"end":{"line":36,"column":2}},"3":{"start":{"line":6,"column":2},"end":{"line":35,"column":3}},"4":{"start":{"line":7,"column":66},"end":{"line":7,"column":74}},"5":{"start":{"line":9,"column":4},"end":{"line":11,"column":5}},"6":{"start":{"line":10,"column":6},"end":{"line":10,"column":82}},"7":{"start":{"line":14,"column":4},"end":{"line":18,"column":5}},"8":{"start":{"line":15,"column":6},"end":{"line":17,"column":7}},"9":{"start":{"line":16,"column":8},"end":{"line":16,"column":80}},"10":{"start":{"line":20,"column":18},"end":{"line":20,"column":70}},"11":{"start":{"line":20,"column":46},"end":{"line":20,"column":66}},"12":{"start":{"line":22,"column":17},"end":{"line":29,"column":5}},"13":{"start":{"line":31,"column":24},"end":{"line":31,"column":51}},"14":{"start":{"line":32,"column":4},"end":{"line":32,"column":38}},"15":{"start":{"line":34,"column":4},"end":{"line":34,"column":14}},"16":{"start":{"line":39,"column":0},"end":{"line":46,"column":2}},"17":{"start":{"line":40,"column":2},"end":{"line":45,"column":3}},"18":{"start":{"line":41,"column":22},"end":{"line":41,"column":43}},"19":{"start":{"line":42,"column":4},"end":{"line":42,"column":36}},"20":{"start":{"line":44,"column":4},"end":{"line":44,"column":14}},"21":{"start":{"line":49,"column":0},"end":{"line":63,"column":2}},"22":{"start":{"line":50,"column":17},"end":{"line":50,"column":27}},"23":{"start":{"line":51,"column":2},"end":{"line":53,"column":3}},"24":{"start":{"line":52,"column":4},"end":{"line":52,"column":60}},"25":{"start":{"line":54,"column":2},"end":{"line":62,"column":3}},"26":{"start":{"line":55,"column":21},"end":{"line":55,"column":48}},"27":{"start":{"line":56,"column":4},"end":{"line":58,"column":5}},"28":{"start":{"line":57,"column":6},"end":{"line":57,"column":71}},"29":{"start":{"line":59,"column":4},"end":{"line":59,"column":35}},"30":{"start":{"line":61,"column":4},"end":{"line":61,"column":14}},"31":{"start":{"line":66,"column":0},"end":{"line":74,"column":2}},"32":{"start":{"line":67,"column":2},"end":{"line":73,"column":3}},"33":{"start":{"line":68,"column":19},"end":{"line":68,"column":30}},"34":{"start":{"line":69,"column":22},"end":{"line":69,"column":63}},"35":{"start":{"line":70,"column":4},"end":{"line":70,"column":36}},"36":{"start":{"line":72,"column":4},"end":{"line":72,"column":14}},"37":{"start":{"line":76,"column":0},"end":{"line":94,"column":2}},"38":{"start":{"line":77,"column":17},"end":{"line":77,"column":27}},"39":{"start":{"line":78,"column":2},"end":{"line":80,"column":3}},"40":{"start":{"line":79,"column":4},"end":{"line":79,"column":60}},"41":{"start":{"line":81,"column":2},"end":{"line":93,"column":3}},"42":{"start":{"line":82,"column":20},"end":{"line":86,"column":5}},"43":{"start":{"line":87,"column":4},"end":{"line":89,"column":5}},"44":{"start":{"line":88,"column":6},"end":{"line":88,"column":71}},"45":{"start":{"line":90,"column":4},"end":{"line":90,"column":34}},"46":{"start":{"line":92,"column":4},"end":{"line":92,"column":14}},"47":{"start":{"line":97,"column":0},"end":{"line":112,"column":2}},"48":{"start":{"line":98,"column":17},"end":{"line":98,"column":27}},"49":{"start":{"line":99,"column":2},"end":{"line":101,"column":3}},"50":{"start":{"line":100,"column":4},"end":{"line":100,"column":60}},"51":{"start":{"line":102,"column":2},"end":{"line":111,"column":3}},"52":{"start":{"line":103,"column":21},"end":{"line":103,"column":48}},"53":{"start":{"line":104,"column":4},"end":{"line":106,"column":5}},"54":{"start":{"line":105,"column":6},"end":{"line":105,"column":71}},"55":{"start":{"line":107,"column":4},"end":{"line":107,"column":41}},"56":{"start":{"line":108,"column":4},"end":{"line":108,"column":33}},"57":{"start":{"line":110,"column":4},"end":{"line":110,"column":14}},"58":{"start":{"line":115,"column":0},"end":{"line":128,"column":2}},"59":{"start":{"line":116,"column":2},"end":{"line":127,"column":3}},"60":{"start":{"line":117,"column":23},"end":{"line":117,"column":31}},"61":{"start":{"line":118,"column":21},"end":{"line":122,"column":5}},"62":{"start":{"line":123,"column":4},"end":{"line":123,"column":84}},"63":{"start":{"line":123,"column":19},"end":{"line":123,"column":84}},"64":{"start":{"line":124,"column":4},"end":{"line":124,"column":76}},"65":{"start":{"line":126,"column":4},"end":{"line":126,"column":85}}},"fnMap":{"0":{"name":"(anonymous_0)","decl":{"start":{"line":5,"column":25},"end":{"line":5,"column":26}},"loc":{"start":{"line":5,"column":51},"end":{"line":36,"column":1}},"line":5},"1":{"name":"(anonymous_1)","decl":{"start":{"line":20,"column":34},"end":{"line":20,"column":35}},"loc":{"start":{"line":20,"column":46},"end":{"line":20,"column":66}},"line":20},"2":{"name":"(anonymous_2)","decl":{"start":{"line":39,"column":26},"end":{"line":39,"column":27}},"loc":{"start":{"line":39,"column":52},"end":{"line":46,"column":1}},"line":39},"3":{"name":"(anonymous_3)","decl":{"start":{"line":49,"column":26},"end":{"line":49,"column":27}},"loc":{"start":{"line":49,"column":52},"end":{"line":63,"column":1}},"line":49},"4":{"name":"(anonymous_4)","decl":{"start":{"line":66,"column":26},"end":{"line":66,"column":27}},"loc":{"start":{"line":66,"column":52},"end":{"line":74,"column":1}},"line":66},"5":{"name":"(anonymous_5)","decl":{"start":{"line":76,"column":25},"end":{"line":76,"column":26}},"loc":{"start":{"line":76,"column":51},"end":{"line":94,"column":1}},"line":76},"6":{"name":"(anonymous_6)","decl":{"start":{"line":97,"column":25},"end":{"line":97,"column":26}},"loc":{"start":{"line":97,"column":51},"end":{"line":112,"column":1}},"line":97},"7":{"name":"(anonymous_7)","decl":{"start":{"line":115,"column":31},"end":{"line":115,"column":32}},"loc":{"start":{"line":115,"column":51},"end":{"line":128,"column":1}},"line":115}},"branchMap":{"0":{"loc":{"start":{"line":9,"column":4},"end":{"line":11,"column":5}},"type":"if","locations":[{"start":{"line":9,"column":4},"end":{"line":11,"column":5}},{"start":{},"end":{}}],"line":9},"1":{"loc":{"start":{"line":9,"column":8},"end":{"line":9,"column":57}},"type":"binary-expr","locations":[{"start":{"line":9,"column":8},"end":{"line":9,"column":32}},{"start":{"line":9,"column":36},"end":{"line":9,"column":57}}],"line":9},"2":{"loc":{"start":{"line":15,"column":6},"end":{"line":17,"column":7}},"type":"if","locations":[{"start":{"line":15,"column":6},"end":{"line":17,"column":7}},{"start":{},"end":{}}],"line":15},"3":{"loc":{"start":{"line":15,"column":10},"end":{"line":15,"column":94}},"type":"binary-expr","locations":[{"start":{"line":15,"column":10},"end":{"line":15,"column":35}},{"start":{"line":15,"column":39},"end":{"line":15,"column":64}},{"start":{"line":15,"column":68},"end":{"line":15,"column":94}}],"line":15},"4":{"loc":{"start":{"line":51,"column":2},"end":{"line":53,"column":3}},"type":"if","locations":[{"start":{"line":51,"column":2},"end":{"line":53,"column":3}},{"start":{},"end":{}}],"line":51},"5":{"loc":{"start":{"line":56,"column":4},"end":{"line":58,"column":5}},"type":"if","locations":[{"start":{"line":56,"column":4},"end":{"line":58,"column":5}},{"start":{},"end":{}}],"line":56},"6":{"loc":{"start":{"line":78,"column":2},"end":{"line":80,"column":3}},"type":"if","locations":[{"start":{"line":78,"column":2},"end":{"line":80,"column":3}},{"start":{},"end":{}}],"line":78},"7":{"loc":{"start":{"line":87,"column":4},"end":{"line":89,"column":5}},"type":"if","locations":[{"start":{"line":87,"column":4},"end":{"line":89,"column":5}},{"start":{},"end":{}}],"line":87},"8":{"loc":{"start":{"line":99,"column":2},"end":{"line":101,"column":3}},"type":"if","locations":[{"start":{"line":99,"column":2},"end":{"line":101,"column":3}},{"start":{},"end":{}}],"line":99},"9":{"loc":{"start":{"line":104,"column":4},"end":{"line":106,"column":5}},"type":"if","locations":[{"start":{"line":104,"column":4},"end":{"line":106,"column":5}},{"start":{},"end":{}}],"line":104},"10":{"loc":{"start":{"line":123,"column":4},"end":{"line":123,"column":84}},"type":"if","locations":[{"start":{"line":123,"column":4},"end":{"line":123,"column":84}},{"start":{},"end":{}}],"line":123}},"s":{"0":5,"1":5,"2":5,"3":1,"4":1,"5":1,"6":0,"7":1,"8":2,"9":0,"10":1,"11":2,"12":1,"13":1,"14":1,"15":0,"16":5,"17":1,"18":1,"19":1,"20":0,"21":5,"22":3,"23":3,"24":0,"25":3,"26":3,"27":3,"28":2,"29":1,"30":0,"31":5,"32":0,"33":0,"34":0,"35":0,"36":0,"37":5,"38":1,"39":1,"40":0,"41":1,"42":1,"43":1,"44":0,"45":1,"46":0,"47":5,"48":1,"49":1,"50":0,"51":1,"52":1,"53":1,"54":0,"55":1,"56":1,"57":0,"58":5,"59":0,"60":0,"61":0,"62":0,"63":0,"64":0,"65":0},"f":{"0":1,"1":2,"2":1,"3":3,"4":0,"5":1,"6":1,"7":0},"b":{"0":[0,1],"1":[1,1],"2":[0,2],"3":[2,2,2],"4":[0,3],"5":[2,1],"6":[0,1],"7":[0,1],"8":[0,1],"9":[0,1],"10":[0,0]},"_coverageSchema":"1a1c01bbd47fc00a2c39e90264f33305004495a9","hash":"1c7045c23a48dcc4e606bab00c632a9b6d535418"}
,"/Users/zeinabtoure/Desktop/zeycake/backend/src/controllers/ingredientsController.js": {"path":"/Users/zeinabtoure/Desktop/zeycake/backend/src/controllers/ingredientsController.js","statementMap":{"0":{"start":{"line":1,"column":19},"end":{"line":1,"column":51}},"1":{"start":{"line":4,"column":0},"end":{"line":17,"column":2}},"2":{"start":{"line":5,"column":2},"end":{"line":16,"column":3}},"3":{"start":{"line":6,"column":24},"end":{"line":6,"column":47}},"4":{"start":{"line":7,"column":19},"end":{"line":12,"column":6}},"5":{"start":{"line":8,"column":18},"end":{"line":8,"column":32}},"6":{"start":{"line":9,"column":6},"end":{"line":9,"column":31}},"7":{"start":{"line":10,"column":6},"end":{"line":10,"column":23}},"8":{"start":{"line":11,"column":6},"end":{"line":11,"column":17}},"9":{"start":{"line":13,"column":4},"end":{"line":13,"column":21}},"10":{"start":{"line":15,"column":4},"end":{"line":15,"column":95}},"11":{"start":{"line":20,"column":0},"end":{"line":32,"column":2}},"12":{"start":{"line":21,"column":2},"end":{"line":31,"column":3}},"13":{"start":{"line":22,"column":16},"end":{"line":22,"column":56}},"14":{"start":{"line":23,"column":4},"end":{"line":23,"column":80}},"15":{"start":{"line":23,"column":14},"end":{"line":23,"column":80}},"16":{"start":{"line":24,"column":4},"end":{"line":24,"column":37}},"17":{"start":{"line":27,"column":4},"end":{"line":29,"column":5}},"18":{"start":{"line":28,"column":6},"end":{"line":28,"column":62}},"19":{"start":{"line":30,"column":4},"end":{"line":30,"column":85}},"20":{"start":{"line":36,"column":0},"end":{"line":55,"column":2}},"21":{"start":{"line":37,"column":2},"end":{"line":54,"column":3}},"22":{"start":{"line":38,"column":37},"end":{"line":38,"column":45}},"23":{"start":{"line":39,"column":26},"end":{"line":46,"column":6}},"24":{"start":{"line":47,"column":4},"end":{"line":47,"column":31}},"25":{"start":{"line":48,"column":16},"end":{"line":48,"column":40}},"26":{"start":{"line":49,"column":4},"end":{"line":49,"column":29}},"27":{"start":{"line":50,"column":4},"end":{"line":50,"column":21}},"28":{"start":{"line":51,"column":4},"end":{"line":51,"column":30}},"29":{"start":{"line":53,"column":4},"end":{"line":53,"column":90}},"30":{"start":{"line":58,"column":0},"end":{"line":78,"column":3}},"31":{"start":{"line":59,"column":2},"end":{"line":77,"column":4}},"32":{"start":{"line":60,"column":23},"end":{"line":60,"column":38}},"33":{"start":{"line":62,"column":4},"end":{"line":65,"column":5}},"34":{"start":{"line":63,"column":6},"end":{"line":63,"column":45}},"35":{"start":{"line":64,"column":6},"end":{"line":64,"column":33}},"36":{"start":{"line":66,"column":20},"end":{"line":66,"column":96}},"37":{"start":{"line":67,"column":4},"end":{"line":67,"column":84}},"38":{"start":{"line":67,"column":18},"end":{"line":67,"column":84}},"39":{"start":{"line":68,"column":16},"end":{"line":68,"column":34}},"40":{"start":{"line":69,"column":4},"end":{"line":69,"column":29}},"41":{"start":{"line":70,"column":4},"end":{"line":70,"column":21}},"42":{"start":{"line":71,"column":4},"end":{"line":71,"column":37}},"43":{"start":{"line":73,"column":4},"end":{"line":75,"column":5}},"44":{"start":{"line":74,"column":6},"end":{"line":74,"column":62}},"45":{"start":{"line":76,"column":5},"end":{"line":76,"column":101}},"46":{"start":{"line":81,"column":0},"end":{"line":92,"column":3}},"47":{"start":{"line":82,"column":2},"end":{"line":91,"column":4}},"48":{"start":{"line":83,"column":20},"end":{"line":83,"column":69}},"49":{"start":{"line":84,"column":4},"end":{"line":84,"column":84}},"50":{"start":{"line":84,"column":18},"end":{"line":84,"column":84}},"51":{"start":{"line":85,"column":4},"end":{"line":85,"column":33}},"52":{"start":{"line":87,"column":4},"end":{"line":89,"column":5}},"53":{"start":{"line":88,"column":6},"end":{"line":88,"column":62}},"54":{"start":{"line":90,"column":3},"end":{"line":90,"column":99}}},"fnMap":{"0":{"name":"(anonymous_0)","decl":{"start":{"line":4,"column":28},"end":{"line":4,"column":29}},"loc":{"start":{"line":4,"column":48},"end":{"line":17,"column":1}},"line":4},"1":{"name":"(anonymous_1)","decl":{"start":{"line":7,"column":35},"end":{"line":7,"column":36}},"loc":{"start":{"line":7,"column":42},"end":{"line":12,"column":5}},"line":7},"2":{"name":"(anonymous_2)","decl":{"start":{"line":20,"column":28},"end":{"line":20,"column":29}},"loc":{"start":{"line":20,"column":48},"end":{"line":32,"column":1}},"line":20},"3":{"name":"(anonymous_3)","decl":{"start":{"line":36,"column":27},"end":{"line":36,"column":28}},"loc":{"start":{"line":36,"column":47},"end":{"line":55,"column":1}},"line":36},"4":{"name":"(anonymous_4)","decl":{"start":{"line":58,"column":27},"end":{"line":58,"column":28}},"loc":{"start":{"line":58,"column":47},"end":{"line":78,"column":2}},"line":58},"5":{"name":"(anonymous_5)","decl":{"start":{"line":81,"column":27},"end":{"line":81,"column":28}},"loc":{"start":{"line":81,"column":47},"end":{"line":92,"column":2}},"line":81}},"branchMap":{"0":{"loc":{"start":{"line":23,"column":4},"end":{"line":23,"column":80}},"type":"if","locations":[{"start":{"line":23,"column":4},"end":{"line":23,"column":80}},{"start":{},"end":{}}],"line":23},"1":{"loc":{"start":{"line":27,"column":4},"end":{"line":29,"column":5}},"type":"if","locations":[{"start":{"line":27,"column":4},"end":{"line":29,"column":5}},{"start":{},"end":{}}],"line":27},"2":{"loc":{"start":{"line":42,"column":12},"end":{"line":42,"column":30}},"type":"binary-expr","locations":[{"start":{"line":42,"column":12},"end":{"line":42,"column":25}},{"start":{"line":42,"column":29},"end":{"line":42,"column":30}}],"line":42},"3":{"loc":{"start":{"line":43,"column":13},"end":{"line":43,"column":26}},"type":"binary-expr","locations":[{"start":{"line":43,"column":13},"end":{"line":43,"column":21}},{"start":{"line":43,"column":25},"end":{"line":43,"column":26}}],"line":43},"4":{"loc":{"start":{"line":44,"column":19},"end":{"line":44,"column":44}},"type":"binary-expr","locations":[{"start":{"line":44,"column":19},"end":{"line":44,"column":39}},{"start":{"line":44,"column":43},"end":{"line":44,"column":44}}],"line":44},"5":{"loc":{"start":{"line":45,"column":19},"end":{"line":45,"column":45}},"type":"binary-expr","locations":[{"start":{"line":45,"column":19},"end":{"line":45,"column":39}},{"start":{"line":45,"column":43},"end":{"line":45,"column":45}}],"line":45},"6":{"loc":{"start":{"line":62,"column":4},"end":{"line":65,"column":5}},"type":"if","locations":[{"start":{"line":62,"column":4},"end":{"line":65,"column":5}},{"start":{},"end":{}}],"line":62},"7":{"loc":{"start":{"line":67,"column":4},"end":{"line":67,"column":84}},"type":"if","locations":[{"start":{"line":67,"column":4},"end":{"line":67,"column":84}},{"start":{},"end":{}}],"line":67},"8":{"loc":{"start":{"line":73,"column":4},"end":{"line":75,"column":5}},"type":"if","locations":[{"start":{"line":73,"column":4},"end":{"line":75,"column":5}},{"start":{},"end":{}}],"line":73},"9":{"loc":{"start":{"line":84,"column":4},"end":{"line":84,"column":84}},"type":"if","locations":[{"start":{"line":84,"column":4},"end":{"line":84,"column":84}},{"start":{},"end":{}}],"line":84},"10":{"loc":{"start":{"line":87,"column":4},"end":{"line":89,"column":5}},"type":"if","locations":[{"start":{"line":87,"column":4},"end":{"line":89,"column":5}},{"start":{},"end":{}}],"line":87}},"s":{"0":5,"1":5,"2":1,"3":1,"4":1,"5":1,"6":1,"7":1,"8":1,"9":1,"10":0,"11":5,"12":4,"13":4,"14":3,"15":2,"16":1,"17":1,"18":1,"19":0,"20":5,"21":1,"22":1,"23":1,"24":1,"25":1,"26":1,"27":1,"28":1,"29":0,"30":5,"31":2,"32":2,"33":2,"34":2,"35":2,"36":2,"37":1,"38":0,"39":1,"40":1,"41":1,"42":1,"43":1,"44":1,"45":0,"46":5,"47":1,"48":1,"49":1,"50":0,"51":1,"52":0,"53":0,"54":0},"f":{"0":1,"1":1,"2":4,"3":1,"4":2,"5":1},"b":{"0":[2,1],"1":[1,0],"2":[1,1],"3":[1,0],"4":[1,1],"5":[1,1],"6":[2,0],"7":[0,1],"8":[1,0],"9":[0,1],"10":[0,0]},"_coverageSchema":"1a1c01bbd47fc00a2c39e90264f33305004495a9","hash":"78fc7f13eb1f3cb1f44dc4ac8e09476fb4586070"}
,"/Users/zeinabtoure/Desktop/zeycake/backend/src/controllers/produitsController.js": {"path":"/Users/zeinabtoure/Desktop/zeycake/backend/src/controllers/produitsController.js","statementMap":{"0":{"start":{"line":1,"column":16},"end":{"line":1,"column":45}},"1":{"start":{"line":4,"column":0},"end":{"line":14,"column":2}},"2":{"start":{"line":5,"column":2},"end":{"line":13,"column":3}},"3":{"start":{"line":6,"column":21},"end":{"line":6,"column":41}},"4":{"start":{"line":7,"column":4},"end":{"line":7,"column":42}},"5":{"start":{"line":9,"column":4},"end":{"line":12,"column":7}},"6":{"start":{"line":17,"column":0},"end":{"line":30,"column":2}},"7":{"start":{"line":18,"column":2},"end":{"line":29,"column":3}},"8":{"start":{"line":19,"column":20},"end":{"line":19,"column":57}},"9":{"start":{"line":20,"column":4},"end":{"line":22,"column":5}},"10":{"start":{"line":21,"column":6},"end":{"line":21,"column":69}},"11":{"start":{"line":23,"column":4},"end":{"line":23,"column":41}},"12":{"start":{"line":25,"column":4},"end":{"line":28,"column":7}},"13":{"start":{"line":33,"column":0},"end":{"line":43,"column":2}},"14":{"start":{"line":34,"column":2},"end":{"line":42,"column":3}},"15":{"start":{"line":35,"column":21},"end":{"line":35,"column":67}},"16":{"start":{"line":36,"column":4},"end":{"line":36,"column":42}},"17":{"start":{"line":38,"column":4},"end":{"line":41,"column":7}},"18":{"start":{"line":46,"column":0},"end":{"line":56,"column":2}},"19":{"start":{"line":47,"column":2},"end":{"line":55,"column":3}},"20":{"start":{"line":48,"column":23},"end":{"line":48,"column":58}},"21":{"start":{"line":49,"column":4},"end":{"line":49,"column":44}},"22":{"start":{"line":51,"column":4},"end":{"line":54,"column":7}},"23":{"start":{"line":59,"column":0},"end":{"line":102,"column":2}},"24":{"start":{"line":60,"column":2},"end":{"line":101,"column":3}},"25":{"start":{"line":71,"column":8},"end":{"line":71,"column":16}},"26":{"start":{"line":73,"column":24},"end":{"line":73,"column":62}},"27":{"start":{"line":74,"column":18},"end":{"line":74,"column":63}},"28":{"start":{"line":76,"column":27},"end":{"line":87,"column":6}},"29":{"start":{"line":89,"column":4},"end":{"line":89,"column":32}},"30":{"start":{"line":91,"column":4},"end":{"line":94,"column":7}},"31":{"start":{"line":97,"column":4},"end":{"line":100,"column":7}},"32":{"start":{"line":105,"column":0},"end":{"line":131,"column":2}},"33":{"start":{"line":106,"column":2},"end":{"line":130,"column":3}},"34":{"start":{"line":107,"column":23},"end":{"line":107,"column":38}},"35":{"start":{"line":108,"column":4},"end":{"line":108,"column":55}},"36":{"start":{"line":108,"column":18},"end":{"line":108,"column":55}},"37":{"start":{"line":110,"column":27},"end":{"line":114,"column":5}},"38":{"start":{"line":116,"column":4},"end":{"line":118,"column":5}},"39":{"start":{"line":117,"column":6},"end":{"line":117,"column":69}},"40":{"start":{"line":120,"column":4},"end":{"line":123,"column":7}},"41":{"start":{"line":126,"column":4},"end":{"line":129,"column":7}},"42":{"start":{"line":134,"column":0},"end":{"line":148,"column":2}},"43":{"start":{"line":135,"column":2},"end":{"line":147,"column":3}},"44":{"start":{"line":136,"column":20},"end":{"line":136,"column":66}},"45":{"start":{"line":137,"column":4},"end":{"line":139,"column":5}},"46":{"start":{"line":138,"column":6},"end":{"line":138,"column":69}},"47":{"start":{"line":141,"column":4},"end":{"line":141,"column":77}},"48":{"start":{"line":143,"column":4},"end":{"line":146,"column":7}}},"fnMap":{"0":{"name":"(anonymous_0)","decl":{"start":{"line":4,"column":25},"end":{"line":4,"column":26}},"loc":{"start":{"line":4,"column":45},"end":{"line":14,"column":1}},"line":4},"1":{"name":"(anonymous_1)","decl":{"start":{"line":17,"column":25},"end":{"line":17,"column":26}},"loc":{"start":{"line":17,"column":45},"end":{"line":30,"column":1}},"line":17},"2":{"name":"(anonymous_2)","decl":{"start":{"line":33,"column":30},"end":{"line":33,"column":31}},"loc":{"start":{"line":33,"column":50},"end":{"line":43,"column":1}},"line":33},"3":{"name":"(anonymous_3)","decl":{"start":{"line":46,"column":24},"end":{"line":46,"column":25}},"loc":{"start":{"line":46,"column":44},"end":{"line":56,"column":1}},"line":46},"4":{"name":"(anonymous_4)","decl":{"start":{"line":59,"column":24},"end":{"line":59,"column":25}},"loc":{"start":{"line":59,"column":44},"end":{"line":102,"column":1}},"line":59},"5":{"name":"(anonymous_5)","decl":{"start":{"line":105,"column":24},"end":{"line":105,"column":25}},"loc":{"start":{"line":105,"column":44},"end":{"line":131,"column":1}},"line":105},"6":{"name":"(anonymous_6)","decl":{"start":{"line":134,"column":24},"end":{"line":134,"column":25}},"loc":{"start":{"line":134,"column":44},"end":{"line":148,"column":1}},"line":134}},"branchMap":{"0":{"loc":{"start":{"line":20,"column":4},"end":{"line":22,"column":5}},"type":"if","locations":[{"start":{"line":20,"column":4},"end":{"line":22,"column":5}},{"start":{},"end":{}}],"line":20},"1":{"loc":{"start":{"line":73,"column":24},"end":{"line":73,"column":62}},"type":"binary-expr","locations":[{"start":{"line":73,"column":24},"end":{"line":73,"column":42}},{"start":{"line":73,"column":46},"end":{"line":73,"column":62}}],"line":73},"2":{"loc":{"start":{"line":74,"column":18},"end":{"line":74,"column":63}},"type":"cond-expr","locations":[{"start":{"line":74,"column":29},"end":{"line":74,"column":46}},{"start":{"line":74,"column":49},"end":{"line":74,"column":63}}],"line":74},"3":{"loc":{"start":{"line":108,"column":4},"end":{"line":108,"column":55}},"type":"if","locations":[{"start":{"line":108,"column":4},"end":{"line":108,"column":55}},{"start":{},"end":{}}],"line":108},"4":{"loc":{"start":{"line":116,"column":4},"end":{"line":118,"column":5}},"type":"if","locations":[{"start":{"line":116,"column":4},"end":{"line":118,"column":5}},{"start":{},"end":{}}],"line":116},"5":{"loc":{"start":{"line":137,"column":4},"end":{"line":139,"column":5}},"type":"if","locations":[{"start":{"line":137,"column":4},"end":{"line":139,"column":5}},{"start":{},"end":{}}],"line":137}},"s":{"0":5,"1":5,"2":1,"3":1,"4":1,"5":0,"6":5,"7":2,"8":2,"9":2,"10":2,"11":0,"12":0,"13":5,"14":0,"15":0,"16":0,"17":0,"18":5,"19":0,"20":0,"21":0,"22":0,"23":5,"24":1,"25":1,"26":1,"27":1,"28":1,"29":1,"30":1,"31":0,"32":5,"33":1,"34":1,"35":1,"36":0,"37":1,"38":1,"39":0,"40":1,"41":0,"42":5,"43":1,"44":1,"45":1,"46":0,"47":1,"48":0},"f":{"0":1,"1":2,"2":0,"3":0,"4":1,"5":1,"6":1},"b":{"0":[2,0],"1":[1,1],"2":[0,1],"3":[0,1],"4":[0,1],"5":[0,1]},"_coverageSchema":"1a1c01bbd47fc00a2c39e90264f33305004495a9","hash":"945e49fa9b7cd7a6a7fe686271b2387f49f18f7c"}
,"/Users/zeinabtoure/Desktop/zeycake/backend/src/controllers/userController.js": {"path":"/Users/zeinabtoure/Desktop/zeycake/backend/src/controllers/userController.js","statementMap":{"0":{"start":{"line":1,"column":17},"end":{"line":1,"column":36}},"1":{"start":{"line":2,"column":13},"end":{"line":2,"column":38}},"2":{"start":{"line":3,"column":15},"end":{"line":3,"column":34}},"3":{"start":{"line":6,"column":0},"end":{"line":43,"column":2}},"4":{"start":{"line":7,"column":2},"end":{"line":42,"column":3}},"5":{"start":{"line":8,"column":45},"end":{"line":8,"column":53}},"6":{"start":{"line":10,"column":4},"end":{"line":12,"column":5}},"7":{"start":{"line":11,"column":6},"end":{"line":11,"column":79}},"8":{"start":{"line":14,"column":21},"end":{"line":14,"column":50}},"9":{"start":{"line":15,"column":4},"end":{"line":17,"column":5}},"10":{"start":{"line":16,"column":6},"end":{"line":16,"column":77}},"11":{"start":{"line":19,"column":19},"end":{"line":19,"column":50}},"12":{"start":{"line":20,"column":20},"end":{"line":26,"column":6}},"13":{"start":{"line":28,"column":4},"end":{"line":28,"column":25}},"14":{"start":{"line":30,"column":4},"end":{"line":39,"column":7}},"15":{"start":{"line":41,"column":4},"end":{"line":41,"column":14}},"16":{"start":{"line":47,"column":0},"end":{"line":54,"column":2}},"17":{"start":{"line":48,"column":2},"end":{"line":53,"column":3}},"18":{"start":{"line":49,"column":18},"end":{"line":49,"column":35}},"19":{"start":{"line":50,"column":4},"end":{"line":50,"column":32}},"20":{"start":{"line":52,"column":4},"end":{"line":52,"column":14}},"21":{"start":{"line":57,"column":0},"end":{"line":71,"column":2}},"22":{"start":{"line":58,"column":17},"end":{"line":58,"column":27}},"23":{"start":{"line":59,"column":2},"end":{"line":61,"column":3}},"24":{"start":{"line":60,"column":4},"end":{"line":60,"column":60}},"25":{"start":{"line":62,"column":2},"end":{"line":70,"column":3}},"26":{"start":{"line":63,"column":17},"end":{"line":63,"column":40}},"27":{"start":{"line":64,"column":4},"end":{"line":66,"column":5}},"28":{"start":{"line":65,"column":6},"end":{"line":65,"column":74}},"29":{"start":{"line":67,"column":4},"end":{"line":67,"column":31}},"30":{"start":{"line":69,"column":4},"end":{"line":69,"column":14}},"31":{"start":{"line":74,"column":0},"end":{"line":91,"column":2}},"32":{"start":{"line":75,"column":17},"end":{"line":75,"column":27}},"33":{"start":{"line":76,"column":2},"end":{"line":78,"column":3}},"34":{"start":{"line":77,"column":4},"end":{"line":77,"column":60}},"35":{"start":{"line":79,"column":2},"end":{"line":90,"column":3}},"36":{"start":{"line":80,"column":17},"end":{"line":83,"column":6}},"37":{"start":{"line":84,"column":4},"end":{"line":86,"column":5}},"38":{"start":{"line":85,"column":6},"end":{"line":85,"column":74}},"39":{"start":{"line":87,"column":4},"end":{"line":87,"column":31}},"40":{"start":{"line":89,"column":4},"end":{"line":89,"column":14}},"41":{"start":{"line":94,"column":0},"end":{"line":113,"column":2}},"42":{"start":{"line":95,"column":17},"end":{"line":95,"column":27}},"43":{"start":{"line":97,"column":2},"end":{"line":99,"column":3}},"44":{"start":{"line":98,"column":4},"end":{"line":98,"column":60}},"45":{"start":{"line":101,"column":15},"end":{"line":101,"column":38}},"46":{"start":{"line":102,"column":2},"end":{"line":104,"column":3}},"47":{"start":{"line":103,"column":4},"end":{"line":103,"column":72}},"48":{"start":{"line":106,"column":2},"end":{"line":108,"column":1}},"49":{"start":{"line":107,"column":2},"end":{"line":107,"column":59}},"50":{"start":{"line":111,"column":2},"end":{"line":111,"column":35}},"51":{"start":{"line":112,"column":2},"end":{"line":112,"column":24}}},"fnMap":{"0":{"name":"(anonymous_0)","decl":{"start":{"line":6,"column":21},"end":{"line":6,"column":22}},"loc":{"start":{"line":6,"column":47},"end":{"line":43,"column":1}},"line":6},"1":{"name":"(anonymous_1)","decl":{"start":{"line":47,"column":22},"end":{"line":47,"column":23}},"loc":{"start":{"line":47,"column":48},"end":{"line":54,"column":1}},"line":47},"2":{"name":"(anonymous_2)","decl":{"start":{"line":57,"column":22},"end":{"line":57,"column":23}},"loc":{"start":{"line":57,"column":48},"end":{"line":71,"column":1}},"line":57},"3":{"name":"(anonymous_3)","decl":{"start":{"line":74,"column":21},"end":{"line":74,"column":22}},"loc":{"start":{"line":74,"column":47},"end":{"line":91,"column":1}},"line":74},"4":{"name":"(anonymous_4)","decl":{"start":{"line":94,"column":21},"end":{"line":94,"column":22}},"loc":{"start":{"line":94,"column":47},"end":{"line":113,"column":1}},"line":94}},"branchMap":{"0":{"loc":{"start":{"line":10,"column":4},"end":{"line":12,"column":5}},"type":"if","locations":[{"start":{"line":10,"column":4},"end":{"line":12,"column":5}},{"start":{},"end":{}}],"line":10},"1":{"loc":{"start":{"line":10,"column":8},"end":{"line":10,"column":46}},"type":"binary-expr","locations":[{"start":{"line":10,"column":8},"end":{"line":10,"column":12}},{"start":{"line":10,"column":16},"end":{"line":10,"column":23}},{"start":{"line":10,"column":27},"end":{"line":10,"column":33}},{"start":{"line":10,"column":37},"end":{"line":10,"column":46}}],"line":10},"2":{"loc":{"start":{"line":15,"column":4},"end":{"line":17,"column":5}},"type":"if","locations":[{"start":{"line":15,"column":4},"end":{"line":17,"column":5}},{"start":{},"end":{}}],"line":15},"3":{"loc":{"start":{"line":59,"column":2},"end":{"line":61,"column":3}},"type":"if","locations":[{"start":{"line":59,"column":2},"end":{"line":61,"column":3}},{"start":{},"end":{}}],"line":59},"4":{"loc":{"start":{"line":64,"column":4},"end":{"line":66,"column":5}},"type":"if","locations":[{"start":{"line":64,"column":4},"end":{"line":66,"column":5}},{"start":{},"end":{}}],"line":64},"5":{"loc":{"start":{"line":76,"column":2},"end":{"line":78,"column":3}},"type":"if","locations":[{"start":{"line":76,"column":2},"end":{"line":78,"column":3}},{"start":{},"end":{}}],"line":76},"6":{"loc":{"start":{"line":84,"column":4},"end":{"line":86,"column":5}},"type":"if","locations":[{"start":{"line":84,"column":4},"end":{"line":86,"column":5}},{"start":{},"end":{}}],"line":84},"7":{"loc":{"start":{"line":97,"column":2},"end":{"line":99,"column":3}},"type":"if","locations":[{"start":{"line":97,"column":2},"end":{"line":99,"column":3}},{"start":{},"end":{}}],"line":97},"8":{"loc":{"start":{"line":102,"column":2},"end":{"line":104,"column":3}},"type":"if","locations":[{"start":{"line":102,"column":2},"end":{"line":104,"column":3}},{"start":{},"end":{}}],"line":102},"9":{"loc":{"start":{"line":106,"column":2},"end":{"line":108,"column":1}},"type":"if","locations":[{"start":{"line":106,"column":2},"end":{"line":108,"column":1}},{"start":{},"end":{}}],"line":106},"10":{"loc":{"start":{"line":106,"column":6},"end":{"line":106,"column":53}},"type":"binary-expr","locations":[{"start":{"line":106,"column":6},"end":{"line":106,"column":24}},{"start":{"line":106,"column":28},"end":{"line":106,"column":53}}],"line":106}},"s":{"0":5,"1":5,"2":5,"3":5,"4":0,"5":0,"6":0,"7":0,"8":0,"9":0,"10":0,"11":0,"12":0,"13":0,"14":0,"15":0,"16":5,"17":1,"18":1,"19":1,"20":0,"21":5,"22":2,"23":2,"24":0,"25":2,"26":2,"27":2,"28":1,"29":1,"30":0,"31":5,"32":0,"33":0,"34":0,"35":0,"36":0,"37":0,"38":0,"39":0,"40":0,"41":5,"42":0,"43":0,"44":0,"45":0,"46":0,"47":0,"48":0,"49":0,"50":0,"51":0},"f":{"0":0,"1":1,"2":2,"3":0,"4":0},"b":{"0":[0,0],"1":[0,0,0,0],"2":[0,0],"3":[0,2],"4":[1,1],"5":[0,0],"6":[0,0],"7":[0,0],"8":[0,0],"9":[0,0],"10":[0,0]},"_coverageSchema":"1a1c01bbd47fc00a2c39e90264f33305004495a9","hash":"5e4e0f49f3b8e1ba645de17684b9b8b15eb0d0cf"}
}
