{"/Users/zeinabtoure/Desktop/zeycake/backend/src/app.js": {"path":"/Users/zeinabtoure/Desktop/zeycake/backend/src/app.js","statementMap":{"0":{"start":{"line":1,"column":0},"end":{"line":1,"column":27}},"1":{"start":{"line":2,"column":19},"end":{"line":2,"column":37}},"2":{"start":{"line":3,"column":19},"end":{"line":3,"column":34}},"3":{"start":{"line":4,"column":19},"end":{"line":4,"column":36}},"4":{"start":{"line":5,"column":19},"end":{"line":5,"column":36}},"5":{"start":{"line":6,"column":19},"end":{"line":6,"column":48}},"6":{"start":{"line":9,"column":21},"end":{"line":9,"column":53}},"7":{"start":{"line":10,"column":21},"end":{"line":10,"column":57}},"8":{"start":{"line":11,"column":21},"end":{"line":11,"column":55}},"9":{"start":{"line":14,"column":26},"end":{"line":14,"column":56}},"10":{"start":{"line":15,"column":26},"end":{"line":15,"column":56}},"11":{"start":{"line":16,"column":26},"end":{"line":16,"column":54}},"12":{"start":{"line":17,"column":26},"end":{"line":17,"column":55}},"13":{"start":{"line":18,"column":26},"end":{"line":18,"column":57}},"14":{"start":{"line":20,"column":12},"end":{"line":20,"column":21}},"15":{"start":{"line":23,"column":0},"end":{"line":30,"column":4}},"16":{"start":{"line":31,"column":0},"end":{"line":35,"column":4}},"17":{"start":{"line":36,"column":0},"end":{"line":36,"column":18}},"18":{"start":{"line":37,"column":0},"end":{"line":37,"column":28}},"19":{"start":{"line":40,"column":0},"end":{"line":40,"column":24}},"20":{"start":{"line":41,"column":0},"end":{"line":41,"column":48}},"21":{"start":{"line":44,"column":0},"end":{"line":50,"column":4}},"22":{"start":{"line":46,"column":4},"end":{"line":46,"column":96}},"23":{"start":{"line":47,"column":4},"end":{"line":47,"column":62}},"24":{"start":{"line":48,"column":4},"end":{"line":48,"column":66}},"25":{"start":{"line":53,"column":0},"end":{"line":53,"column":33}},"26":{"start":{"line":54,"column":0},"end":{"line":54,"column":41}},"27":{"start":{"line":57,"column":0},"end":{"line":57,"column":44}},"28":{"start":{"line":58,"column":0},"end":{"line":58,"column":53}},"29":{"start":{"line":59,"column":0},"end":{"line":59,"column":57}},"30":{"start":{"line":62,"column":0},"end":{"line":74,"column":3}},"31":{"start":{"line":63,"column":2},"end":{"line":73,"column":5}},"32":{"start":{"line":77,"column":0},"end":{"line":77,"column":22}},"33":{"start":{"line":79,"column":0},"end":{"line":79,"column":21}}},"fnMap":{"0":{"name":"(anonymous_0)","decl":{"start":{"line":45,"column":14},"end":{"line":45,"column":15}},"loc":{"start":{"line":45,"column":23},"end":{"line":49,"column":3}},"line":45},"1":{"name":"(anonymous_1)","decl":{"start":{"line":62,"column":13},"end":{"line":62,"column":14}},"loc":{"start":{"line":62,"column":27},"end":{"line":74,"column":1}},"line":62}},"branchMap":{},"s":{"0":5,"1":5,"2":5,"3":5,"4":5,"5":5,"6":5,"7":5,"8":5,"9":5,"10":5,"11":5,"12":5,"13":5,"14":5,"15":5,"16":5,"17":5,"18":5,"19":5,"20":5,"21":5,"22":0,"23":0,"24":0,"25":5,"26":5,"27":5,"28":5,"29":5,"30":5,"31":0,"32":5,"33":5},"f":{"0":0,"1":0},"b":{},"_coverageSchema":"1a1c01bbd47fc00a2c39e90264f33305004495a9","hash":"e5c68428d7a6e9f1cc12ec46bd4660056ad388c2"}
,"/Users/zeinabtoure/Desktop/zeycake/backend/src/controllers/authController.js": {"path":"/Users/zeinabtoure/Desktop/zeycake/backend/src/controllers/authController.js","statementMap":{"0":{"start":{"line":2,"column":15},"end":{"line":2,"column":34}},"1":{"start":{"line":3,"column":12},"end":{"line":3,"column":35}},"2":{"start":{"line":4,"column":13},"end":{"line":4,"column":38}},"3":{"start":{"line":5,"column":13},"end":{"line":5,"column":38}},"4":{"start":{"line":7,"column":0},"end":{"line":37,"column":2}},"5":{"start":{"line":8,"column":2},"end":{"line":36,"column":3}},"6":{"start":{"line":9,"column":43},"end":{"line":9,"column":51}},"7":{"start":{"line":11,"column":25},"end":{"line":11,"column":54}},"8":{"start":{"line":12,"column":4},"end":{"line":14,"column":5}},"9":{"start":{"line":13,"column":6},"end":{"line":13,"column":77}},"10":{"start":{"line":16,"column":27},"end":{"line":16,"column":58}},"11":{"start":{"line":18,"column":20},"end":{"line":24,"column":6}},"12":{"start":{"line":26,"column":4},"end":{"line":26,"column":25}},"13":{"start":{"line":28,"column":4},"end":{"line":31,"column":5}},"14":{"start":{"line":35,"column":4},"end":{"line":35,"column":83}},"15":{"start":{"line":39,"column":0},"end":{"line":72,"column":2}},"16":{"start":{"line":40,"column":2},"end":{"line":71,"column":3}},"17":{"start":{"line":41,"column":32},"end":{"line":41,"column":40}},"18":{"start":{"line":45,"column":17},"end":{"line":45,"column":46}},"19":{"start":{"line":46,"column":4},"end":{"line":48,"column":3}},"20":{"start":{"line":47,"column":6},"end":{"line":47,"column":82}},"21":{"start":{"line":49,"column":20},"end":{"line":49,"column":65}},"22":{"start":{"line":50,"column":4},"end":{"line":52,"column":5}},"23":{"start":{"line":51,"column":6},"end":{"line":51,"column":82}},"24":{"start":{"line":53,"column":18},"end":{"line":57,"column":5}},"25":{"start":{"line":60,"column":4},"end":{"line":67,"column":7}},"26":{"start":{"line":70,"column":4},"end":{"line":70,"column":83}}},"fnMap":{"0":{"name":"(anonymous_0)","decl":{"start":{"line":7,"column":19},"end":{"line":7,"column":20}},"loc":{"start":{"line":7,"column":39},"end":{"line":37,"column":1}},"line":7},"1":{"name":"(anonymous_1)","decl":{"start":{"line":39,"column":16},"end":{"line":39,"column":17}},"loc":{"start":{"line":39,"column":36},"end":{"line":72,"column":1}},"line":39}},"branchMap":{"0":{"loc":{"start":{"line":12,"column":4},"end":{"line":14,"column":5}},"type":"if","locations":[{"start":{"line":12,"column":4},"end":{"line":14,"column":5}},{"start":{},"end":{}}],"line":12},"1":{"loc":{"start":{"line":23,"column":12},"end":{"line":23,"column":28}},"type":"binary-expr","locations":[{"start":{"line":23,"column":12},"end":{"line":23,"column":16}},{"start":{"line":23,"column":20},"end":{"line":23,"column":28}}],"line":23},"2":{"loc":{"start":{"line":46,"column":4},"end":{"line":48,"column":3}},"type":"if","locations":[{"start":{"line":46,"column":4},"end":{"line":48,"column":3}},{"start":{},"end":{}}],"line":46},"3":{"loc":{"start":{"line":50,"column":4},"end":{"line":52,"column":5}},"type":"if","locations":[{"start":{"line":50,"column":4},"end":{"line":52,"column":5}},{"start":{},"end":{}}],"line":50},"4":{"loc":{"start":{"line":56,"column":19},"end":{"line":56,"column":53}},"type":"binary-expr","locations":[{"start":{"line":56,"column":19},"end":{"line":56,"column":45}},{"start":{"line":56,"column":49},"end":{"line":56,"column":53}}],"line":56}},"s":{"0":5,"1":5,"2":5,"3":5,"4":5,"5":8,"6":8,"7":8,"8":8,"9":3,"10":5,"11":5,"12":5,"13":5,"14":0,"15":5,"16":7,"17":7,"18":7,"19":7,"20":1,"21":6,"22":6,"23":1,"24":5,"25":5,"26":0},"f":{"0":8,"1":7},"b":{"0":[3,5],"1":[5,5],"2":[1,6],"3":[1,5],"4":[5,0]},"_coverageSchema":"1a1c01bbd47fc00a2c39e90264f33305004495a9","hash":"b19d0bbbf6f9bfffb35c72c52e5713e8a105ba60"}
,"/Users/zeinabtoure/Desktop/zeycake/backend/src/controllers/commandesController.js": {"path":"/Users/zeinabtoure/Desktop/zeycake/backend/src/controllers/commandesController.js","statementMap":{"0":{"start":{"line":2,"column":17},"end":{"line":2,"column":36}},"1":{"start":{"line":3,"column":17},"end":{"line":3,"column":47}},"2":{"start":{"line":5,"column":0},"end":{"line":16,"column":3}},"3":{"start":{"line":6,"column":2},"end":{"line":15,"column":4}},"4":{"start":{"line":7,"column":17},"end":{"line":10,"column":4}},"5":{"start":{"line":11,"column":23},"end":{"line":11,"column":50}},"6":{"start":{"line":12,"column":5},"end":{"line":12,"column":39}},"7":{"start":{"line":14,"column":5},"end":{"line":14,"column":15}},"8":{"start":{"line":18,"column":0},"end":{"line":25,"column":2}},"9":{"start":{"line":19,"column":2},"end":{"line":24,"column":3}},"10":{"start":{"line":20,"column":22},"end":{"line":20,"column":43}},"11":{"start":{"line":21,"column":4},"end":{"line":21,"column":36}},"12":{"start":{"line":23,"column":4},"end":{"line":23,"column":14}},"13":{"start":{"line":27,"column":0},"end":{"line":41,"column":2}},"14":{"start":{"line":28,"column":17},"end":{"line":28,"column":27}},"15":{"start":{"line":29,"column":2},"end":{"line":31,"column":3}},"16":{"start":{"line":30,"column":4},"end":{"line":30,"column":60}},"17":{"start":{"line":32,"column":2},"end":{"line":40,"column":3}},"18":{"start":{"line":33,"column":21},"end":{"line":33,"column":48}},"19":{"start":{"line":34,"column":4},"end":{"line":36,"column":5}},"20":{"start":{"line":35,"column":6},"end":{"line":35,"column":71}},"21":{"start":{"line":37,"column":4},"end":{"line":37,"column":35}},"22":{"start":{"line":39,"column":4},"end":{"line":39,"column":14}},"23":{"start":{"line":43,"column":0},"end":{"line":61,"column":2}},"24":{"start":{"line":44,"column":17},"end":{"line":44,"column":27}},"25":{"start":{"line":45,"column":2},"end":{"line":47,"column":3}},"26":{"start":{"line":46,"column":4},"end":{"line":46,"column":60}},"27":{"start":{"line":48,"column":2},"end":{"line":60,"column":3}},"28":{"start":{"line":49,"column":20},"end":{"line":53,"column":5}},"29":{"start":{"line":54,"column":4},"end":{"line":56,"column":5}},"30":{"start":{"line":55,"column":6},"end":{"line":55,"column":71}},"31":{"start":{"line":57,"column":4},"end":{"line":57,"column":34}},"32":{"start":{"line":59,"column":4},"end":{"line":59,"column":14}},"33":{"start":{"line":63,"column":0},"end":{"line":78,"column":2}},"34":{"start":{"line":64,"column":17},"end":{"line":64,"column":27}},"35":{"start":{"line":65,"column":2},"end":{"line":67,"column":3}},"36":{"start":{"line":66,"column":4},"end":{"line":66,"column":60}},"37":{"start":{"line":68,"column":2},"end":{"line":77,"column":3}},"38":{"start":{"line":69,"column":21},"end":{"line":69,"column":48}},"39":{"start":{"line":70,"column":4},"end":{"line":72,"column":5}},"40":{"start":{"line":71,"column":6},"end":{"line":71,"column":71}},"41":{"start":{"line":73,"column":4},"end":{"line":73,"column":41}},"42":{"start":{"line":74,"column":4},"end":{"line":74,"column":33}},"43":{"start":{"line":76,"column":4},"end":{"line":76,"column":14}},"44":{"start":{"line":80,"column":0},"end":{"line":93,"column":2}},"45":{"start":{"line":81,"column":2},"end":{"line":92,"column":3}},"46":{"start":{"line":82,"column":23},"end":{"line":82,"column":31}},"47":{"start":{"line":83,"column":21},"end":{"line":87,"column":5}},"48":{"start":{"line":88,"column":4},"end":{"line":88,"column":84}},"49":{"start":{"line":88,"column":19},"end":{"line":88,"column":84}},"50":{"start":{"line":89,"column":4},"end":{"line":89,"column":76}},"51":{"start":{"line":91,"column":4},"end":{"line":91,"column":85}}},"fnMap":{"0":{"name":"(anonymous_0)","decl":{"start":{"line":5,"column":25},"end":{"line":5,"column":26}},"loc":{"start":{"line":5,"column":51},"end":{"line":16,"column":2}},"line":5},"1":{"name":"(anonymous_1)","decl":{"start":{"line":18,"column":26},"end":{"line":18,"column":27}},"loc":{"start":{"line":18,"column":52},"end":{"line":25,"column":1}},"line":18},"2":{"name":"(anonymous_2)","decl":{"start":{"line":27,"column":26},"end":{"line":27,"column":27}},"loc":{"start":{"line":27,"column":52},"end":{"line":41,"column":1}},"line":27},"3":{"name":"(anonymous_3)","decl":{"start":{"line":43,"column":25},"end":{"line":43,"column":26}},"loc":{"start":{"line":43,"column":51},"end":{"line":61,"column":1}},"line":43},"4":{"name":"(anonymous_4)","decl":{"start":{"line":63,"column":25},"end":{"line":63,"column":26}},"loc":{"start":{"line":63,"column":51},"end":{"line":78,"column":1}},"line":63},"5":{"name":"(anonymous_5)","decl":{"start":{"line":80,"column":31},"end":{"line":80,"column":32}},"loc":{"start":{"line":80,"column":51},"end":{"line":93,"column":1}},"line":80}},"branchMap":{"0":{"loc":{"start":{"line":29,"column":2},"end":{"line":31,"column":3}},"type":"if","locations":[{"start":{"line":29,"column":2},"end":{"line":31,"column":3}},{"start":{},"end":{}}],"line":29},"1":{"loc":{"start":{"line":34,"column":4},"end":{"line":36,"column":5}},"type":"if","locations":[{"start":{"line":34,"column":4},"end":{"line":36,"column":5}},{"start":{},"end":{}}],"line":34},"2":{"loc":{"start":{"line":45,"column":2},"end":{"line":47,"column":3}},"type":"if","locations":[{"start":{"line":45,"column":2},"end":{"line":47,"column":3}},{"start":{},"end":{}}],"line":45},"3":{"loc":{"start":{"line":54,"column":4},"end":{"line":56,"column":5}},"type":"if","locations":[{"start":{"line":54,"column":4},"end":{"line":56,"column":5}},{"start":{},"end":{}}],"line":54},"4":{"loc":{"start":{"line":65,"column":2},"end":{"line":67,"column":3}},"type":"if","locations":[{"start":{"line":65,"column":2},"end":{"line":67,"column":3}},{"start":{},"end":{}}],"line":65},"5":{"loc":{"start":{"line":70,"column":4},"end":{"line":72,"column":5}},"type":"if","locations":[{"start":{"line":70,"column":4},"end":{"line":72,"column":5}},{"start":{},"end":{}}],"line":70},"6":{"loc":{"start":{"line":88,"column":4},"end":{"line":88,"column":84}},"type":"if","locations":[{"start":{"line":88,"column":4},"end":{"line":88,"column":84}},{"start":{},"end":{}}],"line":88}},"s":{"0":5,"1":5,"2":5,"3":1,"4":1,"5":1,"6":1,"7":0,"8":5,"9":1,"10":1,"11":1,"12":0,"13":5,"14":3,"15":3,"16":0,"17":3,"18":3,"19":3,"20":2,"21":1,"22":0,"23":5,"24":1,"25":1,"26":0,"27":1,"28":1,"29":1,"30":0,"31":1,"32":0,"33":5,"34":1,"35":1,"36":0,"37":1,"38":1,"39":1,"40":0,"41":1,"42":1,"43":0,"44":5,"45":0,"46":0,"47":0,"48":0,"49":0,"50":0,"51":0},"f":{"0":1,"1":1,"2":3,"3":1,"4":1,"5":0},"b":{"0":[0,3],"1":[2,1],"2":[0,1],"3":[0,1],"4":[0,1],"5":[0,1],"6":[0,0]},"_coverageSchema":"1a1c01bbd47fc00a2c39e90264f33305004495a9","hash":"5b413d67cd4d998d1dddb0a679243622363305d4"}
,"/Users/zeinabtoure/Desktop/zeycake/backend/src/controllers/ingredientsController.js": {"path":"/Users/zeinabtoure/Desktop/zeycake/backend/src/controllers/ingredientsController.js","statementMap":{"0":{"start":{"line":2,"column":19},"end":{"line":2,"column":51}},"1":{"start":{"line":5,"column":0},"end":{"line":19,"column":2}},"2":{"start":{"line":6,"column":2},"end":{"line":18,"column":3}},"3":{"start":{"line":7,"column":24},"end":{"line":7,"column":47}},"4":{"start":{"line":9,"column":19},"end":{"line":14,"column":6}},"5":{"start":{"line":10,"column":18},"end":{"line":10,"column":32}},"6":{"start":{"line":11,"column":6},"end":{"line":11,"column":31}},"7":{"start":{"line":12,"column":6},"end":{"line":12,"column":23}},"8":{"start":{"line":13,"column":6},"end":{"line":13,"column":17}},"9":{"start":{"line":15,"column":4},"end":{"line":15,"column":21}},"10":{"start":{"line":17,"column":4},"end":{"line":17,"column":95}},"11":{"start":{"line":22,"column":0},"end":{"line":34,"column":2}},"12":{"start":{"line":23,"column":2},"end":{"line":33,"column":3}},"13":{"start":{"line":24,"column":16},"end":{"line":24,"column":56}},"14":{"start":{"line":25,"column":4},"end":{"line":25,"column":80}},"15":{"start":{"line":25,"column":14},"end":{"line":25,"column":80}},"16":{"start":{"line":26,"column":4},"end":{"line":26,"column":37}},"17":{"start":{"line":29,"column":4},"end":{"line":31,"column":5}},"18":{"start":{"line":30,"column":6},"end":{"line":30,"column":62}},"19":{"start":{"line":32,"column":4},"end":{"line":32,"column":85}},"20":{"start":{"line":38,"column":0},"end":{"line":58,"column":2}},"21":{"start":{"line":39,"column":2},"end":{"line":57,"column":3}},"22":{"start":{"line":40,"column":37},"end":{"line":40,"column":45}},"23":{"start":{"line":41,"column":26},"end":{"line":48,"column":6}},"24":{"start":{"line":49,"column":4},"end":{"line":49,"column":31}},"25":{"start":{"line":50,"column":16},"end":{"line":50,"column":40}},"26":{"start":{"line":51,"column":4},"end":{"line":51,"column":29}},"27":{"start":{"line":52,"column":4},"end":{"line":52,"column":21}},"28":{"start":{"line":53,"column":4},"end":{"line":53,"column":30}},"29":{"start":{"line":55,"column":4},"end":{"line":55,"column":52}},"30":{"start":{"line":56,"column":4},"end":{"line":56,"column":90}},"31":{"start":{"line":61,"column":0},"end":{"line":81,"column":3}},"32":{"start":{"line":62,"column":2},"end":{"line":80,"column":4}},"33":{"start":{"line":63,"column":23},"end":{"line":63,"column":38}},"34":{"start":{"line":65,"column":4},"end":{"line":68,"column":5}},"35":{"start":{"line":66,"column":6},"end":{"line":66,"column":45}},"36":{"start":{"line":67,"column":6},"end":{"line":67,"column":33}},"37":{"start":{"line":69,"column":20},"end":{"line":69,"column":96}},"38":{"start":{"line":70,"column":4},"end":{"line":70,"column":84}},"39":{"start":{"line":70,"column":18},"end":{"line":70,"column":84}},"40":{"start":{"line":71,"column":16},"end":{"line":71,"column":34}},"41":{"start":{"line":72,"column":4},"end":{"line":72,"column":29}},"42":{"start":{"line":73,"column":4},"end":{"line":73,"column":21}},"43":{"start":{"line":74,"column":4},"end":{"line":74,"column":37}},"44":{"start":{"line":76,"column":4},"end":{"line":78,"column":5}},"45":{"start":{"line":77,"column":6},"end":{"line":77,"column":62}},"46":{"start":{"line":79,"column":5},"end":{"line":79,"column":101}},"47":{"start":{"line":84,"column":0},"end":{"line":95,"column":3}},"48":{"start":{"line":85,"column":2},"end":{"line":94,"column":4}},"49":{"start":{"line":86,"column":20},"end":{"line":86,"column":69}},"50":{"start":{"line":87,"column":4},"end":{"line":87,"column":84}},"51":{"start":{"line":87,"column":18},"end":{"line":87,"column":84}},"52":{"start":{"line":88,"column":4},"end":{"line":88,"column":33}},"53":{"start":{"line":90,"column":4},"end":{"line":92,"column":5}},"54":{"start":{"line":91,"column":6},"end":{"line":91,"column":62}},"55":{"start":{"line":93,"column":3},"end":{"line":93,"column":99}}},"fnMap":{"0":{"name":"(anonymous_0)","decl":{"start":{"line":5,"column":28},"end":{"line":5,"column":29}},"loc":{"start":{"line":5,"column":48},"end":{"line":19,"column":1}},"line":5},"1":{"name":"(anonymous_1)","decl":{"start":{"line":9,"column":35},"end":{"line":9,"column":36}},"loc":{"start":{"line":9,"column":42},"end":{"line":14,"column":5}},"line":9},"2":{"name":"(anonymous_2)","decl":{"start":{"line":22,"column":28},"end":{"line":22,"column":29}},"loc":{"start":{"line":22,"column":48},"end":{"line":34,"column":1}},"line":22},"3":{"name":"(anonymous_3)","decl":{"start":{"line":38,"column":27},"end":{"line":38,"column":28}},"loc":{"start":{"line":38,"column":47},"end":{"line":58,"column":1}},"line":38},"4":{"name":"(anonymous_4)","decl":{"start":{"line":61,"column":27},"end":{"line":61,"column":28}},"loc":{"start":{"line":61,"column":47},"end":{"line":81,"column":2}},"line":61},"5":{"name":"(anonymous_5)","decl":{"start":{"line":84,"column":27},"end":{"line":84,"column":28}},"loc":{"start":{"line":84,"column":47},"end":{"line":95,"column":2}},"line":84}},"branchMap":{"0":{"loc":{"start":{"line":25,"column":4},"end":{"line":25,"column":80}},"type":"if","locations":[{"start":{"line":25,"column":4},"end":{"line":25,"column":80}},{"start":{},"end":{}}],"line":25},"1":{"loc":{"start":{"line":29,"column":4},"end":{"line":31,"column":5}},"type":"if","locations":[{"start":{"line":29,"column":4},"end":{"line":31,"column":5}},{"start":{},"end":{}}],"line":29},"2":{"loc":{"start":{"line":44,"column":12},"end":{"line":44,"column":30}},"type":"binary-expr","locations":[{"start":{"line":44,"column":12},"end":{"line":44,"column":25}},{"start":{"line":44,"column":29},"end":{"line":44,"column":30}}],"line":44},"3":{"loc":{"start":{"line":45,"column":13},"end":{"line":45,"column":26}},"type":"binary-expr","locations":[{"start":{"line":45,"column":13},"end":{"line":45,"column":21}},{"start":{"line":45,"column":25},"end":{"line":45,"column":26}}],"line":45},"4":{"loc":{"start":{"line":46,"column":19},"end":{"line":46,"column":44}},"type":"binary-expr","locations":[{"start":{"line":46,"column":19},"end":{"line":46,"column":39}},{"start":{"line":46,"column":43},"end":{"line":46,"column":44}}],"line":46},"5":{"loc":{"start":{"line":47,"column":19},"end":{"line":47,"column":45}},"type":"binary-expr","locations":[{"start":{"line":47,"column":19},"end":{"line":47,"column":39}},{"start":{"line":47,"column":43},"end":{"line":47,"column":45}}],"line":47},"6":{"loc":{"start":{"line":65,"column":4},"end":{"line":68,"column":5}},"type":"if","locations":[{"start":{"line":65,"column":4},"end":{"line":68,"column":5}},{"start":{},"end":{}}],"line":65},"7":{"loc":{"start":{"line":70,"column":4},"end":{"line":70,"column":84}},"type":"if","locations":[{"start":{"line":70,"column":4},"end":{"line":70,"column":84}},{"start":{},"end":{}}],"line":70},"8":{"loc":{"start":{"line":76,"column":4},"end":{"line":78,"column":5}},"type":"if","locations":[{"start":{"line":76,"column":4},"end":{"line":78,"column":5}},{"start":{},"end":{}}],"line":76},"9":{"loc":{"start":{"line":87,"column":4},"end":{"line":87,"column":84}},"type":"if","locations":[{"start":{"line":87,"column":4},"end":{"line":87,"column":84}},{"start":{},"end":{}}],"line":87},"10":{"loc":{"start":{"line":90,"column":4},"end":{"line":92,"column":5}},"type":"if","locations":[{"start":{"line":90,"column":4},"end":{"line":92,"column":5}},{"start":{},"end":{}}],"line":90}},"s":{"0":5,"1":5,"2":1,"3":1,"4":1,"5":1,"6":1,"7":1,"8":1,"9":1,"10":0,"11":5,"12":4,"13":4,"14":3,"15":2,"16":1,"17":1,"18":1,"19":0,"20":5,"21":1,"22":1,"23":1,"24":1,"25":1,"26":1,"27":1,"28":1,"29":0,"30":0,"31":5,"32":2,"33":2,"34":2,"35":2,"36":2,"37":2,"38":1,"39":0,"40":1,"41":1,"42":1,"43":1,"44":1,"45":1,"46":0,"47":5,"48":1,"49":1,"50":1,"51":0,"52":1,"53":0,"54":0,"55":0},"f":{"0":1,"1":1,"2":4,"3":1,"4":2,"5":1},"b":{"0":[2,1],"1":[1,0],"2":[1,1],"3":[1,0],"4":[1,1],"5":[1,1],"6":[2,0],"7":[0,1],"8":[1,0],"9":[0,1],"10":[0,0]},"_coverageSchema":"1a1c01bbd47fc00a2c39e90264f33305004495a9","hash":"837462c355e51ba7a36e62760f7b378bcf3c5bad"}
,"/Users/zeinabtoure/Desktop/zeycake/backend/src/controllers/produitsController.js": {"path":"/Users/zeinabtoure/Desktop/zeycake/backend/src/controllers/produitsController.js","statementMap":{"0":{"start":{"line":3,"column":16},"end":{"line":3,"column":45}},"1":{"start":{"line":5,"column":0},"end":{"line":15,"column":2}},"2":{"start":{"line":6,"column":2},"end":{"line":14,"column":3}},"3":{"start":{"line":7,"column":21},"end":{"line":7,"column":41}},"4":{"start":{"line":8,"column":4},"end":{"line":8,"column":42}},"5":{"start":{"line":10,"column":4},"end":{"line":13,"column":7}},"6":{"start":{"line":17,"column":0},"end":{"line":30,"column":2}},"7":{"start":{"line":18,"column":2},"end":{"line":29,"column":3}},"8":{"start":{"line":19,"column":20},"end":{"line":19,"column":57}},"9":{"start":{"line":20,"column":4},"end":{"line":22,"column":5}},"10":{"start":{"line":21,"column":6},"end":{"line":21,"column":69}},"11":{"start":{"line":23,"column":4},"end":{"line":23,"column":41}},"12":{"start":{"line":25,"column":4},"end":{"line":28,"column":7}},"13":{"start":{"line":32,"column":0},"end":{"line":42,"column":2}},"14":{"start":{"line":33,"column":2},"end":{"line":41,"column":3}},"15":{"start":{"line":34,"column":21},"end":{"line":34,"column":67}},"16":{"start":{"line":35,"column":4},"end":{"line":35,"column":42}},"17":{"start":{"line":37,"column":4},"end":{"line":40,"column":7}},"18":{"start":{"line":44,"column":0},"end":{"line":54,"column":2}},"19":{"start":{"line":45,"column":2},"end":{"line":53,"column":3}},"20":{"start":{"line":46,"column":23},"end":{"line":46,"column":58}},"21":{"start":{"line":47,"column":4},"end":{"line":47,"column":44}},"22":{"start":{"line":49,"column":4},"end":{"line":52,"column":7}},"23":{"start":{"line":56,"column":0},"end":{"line":100,"column":2}},"24":{"start":{"line":57,"column":2},"end":{"line":99,"column":3}},"25":{"start":{"line":68,"column":8},"end":{"line":68,"column":16}},"26":{"start":{"line":70,"column":24},"end":{"line":70,"column":62}},"27":{"start":{"line":71,"column":24},"end":{"line":71,"column":69}},"28":{"start":{"line":73,"column":27},"end":{"line":84,"column":6}},"29":{"start":{"line":86,"column":4},"end":{"line":86,"column":32}},"30":{"start":{"line":88,"column":4},"end":{"line":91,"column":7}},"31":{"start":{"line":95,"column":4},"end":{"line":98,"column":7}},"32":{"start":{"line":102,"column":0},"end":{"line":128,"column":2}},"33":{"start":{"line":103,"column":2},"end":{"line":127,"column":3}},"34":{"start":{"line":104,"column":23},"end":{"line":104,"column":38}},"35":{"start":{"line":105,"column":4},"end":{"line":105,"column":55}},"36":{"start":{"line":105,"column":18},"end":{"line":105,"column":55}},"37":{"start":{"line":107,"column":27},"end":{"line":111,"column":5}},"38":{"start":{"line":113,"column":4},"end":{"line":115,"column":5}},"39":{"start":{"line":114,"column":6},"end":{"line":114,"column":69}},"40":{"start":{"line":117,"column":4},"end":{"line":120,"column":7}},"41":{"start":{"line":123,"column":4},"end":{"line":126,"column":7}},"42":{"start":{"line":130,"column":0},"end":{"line":144,"column":2}},"43":{"start":{"line":131,"column":2},"end":{"line":143,"column":3}},"44":{"start":{"line":132,"column":20},"end":{"line":132,"column":66}},"45":{"start":{"line":133,"column":4},"end":{"line":135,"column":5}},"46":{"start":{"line":134,"column":6},"end":{"line":134,"column":69}},"47":{"start":{"line":137,"column":4},"end":{"line":137,"column":77}},"48":{"start":{"line":139,"column":4},"end":{"line":142,"column":7}}},"fnMap":{"0":{"name":"(anonymous_0)","decl":{"start":{"line":5,"column":25},"end":{"line":5,"column":26}},"loc":{"start":{"line":5,"column":45},"end":{"line":15,"column":1}},"line":5},"1":{"name":"(anonymous_1)","decl":{"start":{"line":17,"column":25},"end":{"line":17,"column":26}},"loc":{"start":{"line":17,"column":45},"end":{"line":30,"column":1}},"line":17},"2":{"name":"(anonymous_2)","decl":{"start":{"line":32,"column":30},"end":{"line":32,"column":31}},"loc":{"start":{"line":32,"column":50},"end":{"line":42,"column":1}},"line":32},"3":{"name":"(anonymous_3)","decl":{"start":{"line":44,"column":24},"end":{"line":44,"column":25}},"loc":{"start":{"line":44,"column":44},"end":{"line":54,"column":1}},"line":44},"4":{"name":"(anonymous_4)","decl":{"start":{"line":56,"column":24},"end":{"line":56,"column":25}},"loc":{"start":{"line":56,"column":44},"end":{"line":100,"column":1}},"line":56},"5":{"name":"(anonymous_5)","decl":{"start":{"line":102,"column":24},"end":{"line":102,"column":25}},"loc":{"start":{"line":102,"column":44},"end":{"line":128,"column":1}},"line":102},"6":{"name":"(anonymous_6)","decl":{"start":{"line":130,"column":24},"end":{"line":130,"column":25}},"loc":{"start":{"line":130,"column":44},"end":{"line":144,"column":1}},"line":130}},"branchMap":{"0":{"loc":{"start":{"line":20,"column":4},"end":{"line":22,"column":5}},"type":"if","locations":[{"start":{"line":20,"column":4},"end":{"line":22,"column":5}},{"start":{},"end":{}}],"line":20},"1":{"loc":{"start":{"line":70,"column":24},"end":{"line":70,"column":62}},"type":"binary-expr","locations":[{"start":{"line":70,"column":24},"end":{"line":70,"column":42}},{"start":{"line":70,"column":46},"end":{"line":70,"column":62}}],"line":70},"2":{"loc":{"start":{"line":71,"column":24},"end":{"line":71,"column":69}},"type":"cond-expr","locations":[{"start":{"line":71,"column":35},"end":{"line":71,"column":52}},{"start":{"line":71,"column":55},"end":{"line":71,"column":69}}],"line":71},"3":{"loc":{"start":{"line":105,"column":4},"end":{"line":105,"column":55}},"type":"if","locations":[{"start":{"line":105,"column":4},"end":{"line":105,"column":55}},{"start":{},"end":{}}],"line":105},"4":{"loc":{"start":{"line":113,"column":4},"end":{"line":115,"column":5}},"type":"if","locations":[{"start":{"line":113,"column":4},"end":{"line":115,"column":5}},{"start":{},"end":{}}],"line":113},"5":{"loc":{"start":{"line":133,"column":4},"end":{"line":135,"column":5}},"type":"if","locations":[{"start":{"line":133,"column":4},"end":{"line":135,"column":5}},{"start":{},"end":{}}],"line":133}},"s":{"0":5,"1":5,"2":1,"3":1,"4":1,"5":0,"6":5,"7":2,"8":2,"9":2,"10":2,"11":0,"12":0,"13":5,"14":0,"15":0,"16":0,"17":0,"18":5,"19":0,"20":0,"21":0,"22":0,"23":5,"24":1,"25":1,"26":1,"27":1,"28":1,"29":1,"30":1,"31":0,"32":5,"33":1,"34":1,"35":1,"36":0,"37":1,"38":1,"39":0,"40":1,"41":0,"42":5,"43":1,"44":1,"45":1,"46":0,"47":1,"48":0},"f":{"0":1,"1":2,"2":0,"3":0,"4":1,"5":1,"6":1},"b":{"0":[2,0],"1":[1,1],"2":[0,1],"3":[0,1],"4":[0,1],"5":[0,1]},"_coverageSchema":"1a1c01bbd47fc00a2c39e90264f33305004495a9","hash":"1f77a54d3eeeb121cf1cf0a52fb318ef7830f603"}
,"/Users/zeinabtoure/Desktop/zeycake/backend/src/controllers/userController.js": {"path":"/Users/zeinabtoure/Desktop/zeycake/backend/src/controllers/userController.js","statementMap":{"0":{"start":{"line":2,"column":17},"end":{"line":2,"column":36}},"1":{"start":{"line":3,"column":18},"end":{"line":3,"column":43}},"2":{"start":{"line":5,"column":0},"end":{"line":12,"column":2}},"3":{"start":{"line":6,"column":2},"end":{"line":11,"column":3}},"4":{"start":{"line":7,"column":18},"end":{"line":7,"column":35}},"5":{"start":{"line":8,"column":4},"end":{"line":8,"column":32}},"6":{"start":{"line":10,"column":4},"end":{"line":10,"column":14}},"7":{"start":{"line":14,"column":0},"end":{"line":28,"column":2}},"8":{"start":{"line":15,"column":17},"end":{"line":15,"column":27}},"9":{"start":{"line":16,"column":2},"end":{"line":18,"column":3}},"10":{"start":{"line":17,"column":4},"end":{"line":17,"column":60}},"11":{"start":{"line":19,"column":2},"end":{"line":27,"column":3}},"12":{"start":{"line":20,"column":17},"end":{"line":20,"column":40}},"13":{"start":{"line":21,"column":4},"end":{"line":23,"column":5}},"14":{"start":{"line":22,"column":6},"end":{"line":22,"column":74}},"15":{"start":{"line":24,"column":4},"end":{"line":24,"column":31}},"16":{"start":{"line":26,"column":4},"end":{"line":26,"column":14}},"17":{"start":{"line":30,"column":0},"end":{"line":47,"column":2}},"18":{"start":{"line":31,"column":17},"end":{"line":31,"column":27}},"19":{"start":{"line":32,"column":2},"end":{"line":34,"column":3}},"20":{"start":{"line":33,"column":4},"end":{"line":33,"column":60}},"21":{"start":{"line":35,"column":2},"end":{"line":46,"column":3}},"22":{"start":{"line":36,"column":17},"end":{"line":39,"column":6}},"23":{"start":{"line":40,"column":4},"end":{"line":42,"column":5}},"24":{"start":{"line":41,"column":6},"end":{"line":41,"column":74}},"25":{"start":{"line":43,"column":4},"end":{"line":43,"column":31}},"26":{"start":{"line":45,"column":4},"end":{"line":45,"column":14}},"27":{"start":{"line":49,"column":0},"end":{"line":67,"column":2}},"28":{"start":{"line":50,"column":17},"end":{"line":50,"column":27}},"29":{"start":{"line":52,"column":2},"end":{"line":54,"column":3}},"30":{"start":{"line":53,"column":4},"end":{"line":53,"column":60}},"31":{"start":{"line":56,"column":15},"end":{"line":56,"column":38}},"32":{"start":{"line":57,"column":2},"end":{"line":59,"column":3}},"33":{"start":{"line":58,"column":4},"end":{"line":58,"column":72}},"34":{"start":{"line":61,"column":2},"end":{"line":63,"column":3}},"35":{"start":{"line":62,"column":4},"end":{"line":62,"column":61}},"36":{"start":{"line":65,"column":2},"end":{"line":65,"column":35}},"37":{"start":{"line":66,"column":2},"end":{"line":66,"column":24}}},"fnMap":{"0":{"name":"(anonymous_0)","decl":{"start":{"line":5,"column":22},"end":{"line":5,"column":23}},"loc":{"start":{"line":5,"column":48},"end":{"line":12,"column":1}},"line":5},"1":{"name":"(anonymous_1)","decl":{"start":{"line":14,"column":22},"end":{"line":14,"column":23}},"loc":{"start":{"line":14,"column":48},"end":{"line":28,"column":1}},"line":14},"2":{"name":"(anonymous_2)","decl":{"start":{"line":30,"column":21},"end":{"line":30,"column":22}},"loc":{"start":{"line":30,"column":47},"end":{"line":47,"column":1}},"line":30},"3":{"name":"(anonymous_3)","decl":{"start":{"line":49,"column":21},"end":{"line":49,"column":22}},"loc":{"start":{"line":49,"column":47},"end":{"line":67,"column":1}},"line":49}},"branchMap":{"0":{"loc":{"start":{"line":16,"column":2},"end":{"line":18,"column":3}},"type":"if","locations":[{"start":{"line":16,"column":2},"end":{"line":18,"column":3}},{"start":{},"end":{}}],"line":16},"1":{"loc":{"start":{"line":21,"column":4},"end":{"line":23,"column":5}},"type":"if","locations":[{"start":{"line":21,"column":4},"end":{"line":23,"column":5}},{"start":{},"end":{}}],"line":21},"2":{"loc":{"start":{"line":32,"column":2},"end":{"line":34,"column":3}},"type":"if","locations":[{"start":{"line":32,"column":2},"end":{"line":34,"column":3}},{"start":{},"end":{}}],"line":32},"3":{"loc":{"start":{"line":40,"column":4},"end":{"line":42,"column":5}},"type":"if","locations":[{"start":{"line":40,"column":4},"end":{"line":42,"column":5}},{"start":{},"end":{}}],"line":40},"4":{"loc":{"start":{"line":52,"column":2},"end":{"line":54,"column":3}},"type":"if","locations":[{"start":{"line":52,"column":2},"end":{"line":54,"column":3}},{"start":{},"end":{}}],"line":52},"5":{"loc":{"start":{"line":57,"column":2},"end":{"line":59,"column":3}},"type":"if","locations":[{"start":{"line":57,"column":2},"end":{"line":59,"column":3}},{"start":{},"end":{}}],"line":57},"6":{"loc":{"start":{"line":61,"column":2},"end":{"line":63,"column":3}},"type":"if","locations":[{"start":{"line":61,"column":2},"end":{"line":63,"column":3}},{"start":{},"end":{}}],"line":61}},"s":{"0":5,"1":5,"2":5,"3":1,"4":1,"5":1,"6":0,"7":5,"8":2,"9":2,"10":0,"11":2,"12":2,"13":2,"14":1,"15":1,"16":0,"17":5,"18":0,"19":0,"20":0,"21":0,"22":0,"23":0,"24":0,"25":0,"26":0,"27":5,"28":0,"29":0,"30":0,"31":0,"32":0,"33":0,"34":0,"35":0,"36":0,"37":0},"f":{"0":1,"1":2,"2":0,"3":0},"b":{"0":[0,2],"1":[1,1],"2":[0,0],"3":[0,0],"4":[0,0],"5":[0,0],"6":[0,0]},"_coverageSchema":"1a1c01bbd47fc00a2c39e90264f33305004495a9","hash":"9dd21702e57fb96697fc9a7fba19a7ddc7ddd312"}
,"/Users/zeinabtoure/Desktop/zeycake/backend/src/middleware/admin.js": {"path":"/Users/zeinabtoure/Desktop/zeycake/backend/src/middleware/admin.js","statementMap":{"0":{"start":{"line":1,"column":12},"end":{"line":1,"column":35}},"1":{"start":{"line":2,"column":13},"end":{"line":2,"column":38}},"2":{"start":{"line":4,"column":0},"end":{"line":26,"column":2}},"3":{"start":{"line":5,"column":21},"end":{"line":5,"column":46}},"4":{"start":{"line":7,"column":2},"end":{"line":9,"column":3}},"5":{"start":{"line":8,"column":4},"end":{"line":8,"column":84}},"6":{"start":{"line":11,"column":16},"end":{"line":11,"column":40}},"7":{"start":{"line":13,"column":2},"end":{"line":25,"column":3}},"8":{"start":{"line":14,"column":20},"end":{"line":14,"column":61}},"9":{"start":{"line":15,"column":17},"end":{"line":15,"column":48}},"10":{"start":{"line":17,"column":4},"end":{"line":19,"column":5}},"11":{"start":{"line":18,"column":6},"end":{"line":18,"column":84}},"12":{"start":{"line":21,"column":4},"end":{"line":21,"column":20}},"13":{"start":{"line":22,"column":4},"end":{"line":22,"column":11}},"14":{"start":{"line":24,"column":4},"end":{"line":24,"column":78}}},"fnMap":{"0":{"name":"(anonymous_0)","decl":{"start":{"line":4,"column":17},"end":{"line":4,"column":18}},"loc":{"start":{"line":4,"column":43},"end":{"line":26,"column":1}},"line":4}},"branchMap":{"0":{"loc":{"start":{"line":7,"column":2},"end":{"line":9,"column":3}},"type":"if","locations":[{"start":{"line":7,"column":2},"end":{"line":9,"column":3}},{"start":{},"end":{}}],"line":7},"1":{"loc":{"start":{"line":7,"column":6},"end":{"line":7,"column":54}},"type":"binary-expr","locations":[{"start":{"line":7,"column":6},"end":{"line":7,"column":17}},{"start":{"line":7,"column":21},"end":{"line":7,"column":54}}],"line":7},"2":{"loc":{"start":{"line":17,"column":4},"end":{"line":19,"column":5}},"type":"if","locations":[{"start":{"line":17,"column":4},"end":{"line":19,"column":5}},{"start":{},"end":{}}],"line":17},"3":{"loc":{"start":{"line":17,"column":8},"end":{"line":17,"column":38}},"type":"binary-expr","locations":[{"start":{"line":17,"column":8},"end":{"line":17,"column":13}},{"start":{"line":17,"column":17},"end":{"line":17,"column":38}}],"line":17}},"s":{"0":5,"1":5,"2":5,"3":0,"4":0,"5":0,"6":0,"7":0,"8":0,"9":0,"10":0,"11":0,"12":0,"13":0,"14":0},"f":{"0":0},"b":{"0":[0,0],"1":[0,0],"2":[0,0],"3":[0,0]},"_coverageSchema":"1a1c01bbd47fc00a2c39e90264f33305004495a9","hash":"edba6f88e17fc416ec0d33e5909a63782aeb7044"}
,"/Users/zeinabtoure/Desktop/zeycake/backend/src/middleware/authClient.js": {"path":"/Users/zeinabtoure/Desktop/zeycake/backend/src/middleware/authClient.js","statementMap":{"0":{"start":{"line":1,"column":12},"end":{"line":1,"column":35}},"1":{"start":{"line":2,"column":13},"end":{"line":2,"column":38}},"2":{"start":{"line":4,"column":0},"end":{"line":31,"column":2}},"3":{"start":{"line":5,"column":21},"end":{"line":5,"column":46}},"4":{"start":{"line":7,"column":2},"end":{"line":9,"column":3}},"5":{"start":{"line":8,"column":4},"end":{"line":8,"column":77}},"6":{"start":{"line":11,"column":16},"end":{"line":11,"column":40}},"7":{"start":{"line":13,"column":2},"end":{"line":30,"column":3}},"8":{"start":{"line":14,"column":20},"end":{"line":14,"column":61}},"9":{"start":{"line":15,"column":17},"end":{"line":15,"column":68}},"10":{"start":{"line":17,"column":4},"end":{"line":19,"column":5}},"11":{"start":{"line":18,"column":6},"end":{"line":18,"column":74}},"12":{"start":{"line":22,"column":4},"end":{"line":24,"column":5}},"13":{"start":{"line":23,"column":6},"end":{"line":23,"column":88}},"14":{"start":{"line":26,"column":4},"end":{"line":26,"column":20}},"15":{"start":{"line":27,"column":4},"end":{"line":27,"column":11}},"16":{"start":{"line":29,"column":4},"end":{"line":29,"column":80}}},"fnMap":{"0":{"name":"(anonymous_0)","decl":{"start":{"line":4,"column":17},"end":{"line":4,"column":18}},"loc":{"start":{"line":4,"column":43},"end":{"line":31,"column":1}},"line":4}},"branchMap":{"0":{"loc":{"start":{"line":7,"column":2},"end":{"line":9,"column":3}},"type":"if","locations":[{"start":{"line":7,"column":2},"end":{"line":9,"column":3}},{"start":{},"end":{}}],"line":7},"1":{"loc":{"start":{"line":7,"column":6},"end":{"line":7,"column":54}},"type":"binary-expr","locations":[{"start":{"line":7,"column":6},"end":{"line":7,"column":17}},{"start":{"line":7,"column":21},"end":{"line":7,"column":54}}],"line":7},"2":{"loc":{"start":{"line":17,"column":4},"end":{"line":19,"column":5}},"type":"if","locations":[{"start":{"line":17,"column":4},"end":{"line":19,"column":5}},{"start":{},"end":{}}],"line":17},"3":{"loc":{"start":{"line":22,"column":4},"end":{"line":24,"column":5}},"type":"if","locations":[{"start":{"line":22,"column":4},"end":{"line":24,"column":5}},{"start":{},"end":{}}],"line":22}},"s":{"0":5,"1":5,"2":5,"3":0,"4":0,"5":0,"6":0,"7":0,"8":0,"9":0,"10":0,"11":0,"12":0,"13":0,"14":0,"15":0,"16":0},"f":{"0":0},"b":{"0":[0,0],"1":[0,0],"2":[0,0],"3":[0,0]},"_coverageSchema":"1a1c01bbd47fc00a2c39e90264f33305004495a9","hash":"5c783113d7ccd8ebe1431aa4cc6e550b8a6810ca"}
,"/Users/zeinabtoure/Desktop/zeycake/backend/src/middleware/authUser.js": {"path":"/Users/zeinabtoure/Desktop/zeycake/backend/src/middleware/authUser.js","statementMap":{"0":{"start":{"line":2,"column":13},"end":{"line":2,"column":36}},"1":{"start":{"line":3,"column":13},"end":{"line":3,"column":38}},"2":{"start":{"line":5,"column":0},"end":{"line":23,"column":2}},"3":{"start":{"line":6,"column":21},"end":{"line":6,"column":46}},"4":{"start":{"line":7,"column":2},"end":{"line":9,"column":3}},"5":{"start":{"line":8,"column":4},"end":{"line":8,"column":75}},"6":{"start":{"line":11,"column":16},"end":{"line":11,"column":40}},"7":{"start":{"line":12,"column":2},"end":{"line":22,"column":3}},"8":{"start":{"line":13,"column":20},"end":{"line":13,"column":61}},"9":{"start":{"line":14,"column":17},"end":{"line":14,"column":68}},"10":{"start":{"line":15,"column":4},"end":{"line":17,"column":5}},"11":{"start":{"line":16,"column":6},"end":{"line":16,"column":74}},"12":{"start":{"line":18,"column":4},"end":{"line":18,"column":20}},"13":{"start":{"line":19,"column":4},"end":{"line":19,"column":11}},"14":{"start":{"line":21,"column":4},"end":{"line":21,"column":63}}},"fnMap":{"0":{"name":"authUser","decl":{"start":{"line":5,"column":32},"end":{"line":5,"column":40}},"loc":{"start":{"line":5,"column":57},"end":{"line":23,"column":1}},"line":5}},"branchMap":{"0":{"loc":{"start":{"line":7,"column":2},"end":{"line":9,"column":3}},"type":"if","locations":[{"start":{"line":7,"column":2},"end":{"line":9,"column":3}},{"start":{},"end":{}}],"line":7},"1":{"loc":{"start":{"line":7,"column":6},"end":{"line":7,"column":54}},"type":"binary-expr","locations":[{"start":{"line":7,"column":6},"end":{"line":7,"column":17}},{"start":{"line":7,"column":21},"end":{"line":7,"column":54}}],"line":7},"2":{"loc":{"start":{"line":15,"column":4},"end":{"line":17,"column":5}},"type":"if","locations":[{"start":{"line":15,"column":4},"end":{"line":17,"column":5}},{"start":{},"end":{}}],"line":15}},"s":{"0":5,"1":5,"2":5,"3":38,"4":38,"5":2,"6":36,"7":36,"8":36,"9":35,"10":35,"11":0,"12":35,"13":35,"14":1},"f":{"0":38},"b":{"0":[2,36],"1":[38,36],"2":[0,35]},"_coverageSchema":"1a1c01bbd47fc00a2c39e90264f33305004495a9","hash":"7fc1aaaac5d9d9756c5f472ab55ce7536c90bfb8"}
,"/Users/zeinabtoure/Desktop/zeycake/backend/src/middleware/errorHandler.js": {"path":"/Users/zeinabtoure/Desktop/zeycake/backend/src/middleware/errorHandler.js","statementMap":{"0":{"start":{"line":1,"column":0},"end":{"line":7,"column":2}},"1":{"start":{"line":2,"column":2},"end":{"line":2,"column":27}},"2":{"start":{"line":3,"column":2},"end":{"line":6,"column":5}}},"fnMap":{"0":{"name":"(anonymous_0)","decl":{"start":{"line":1,"column":17},"end":{"line":1,"column":18}},"loc":{"start":{"line":1,"column":42},"end":{"line":7,"column":1}},"line":1}},"branchMap":{"0":{"loc":{"start":{"line":3,"column":13},"end":{"line":3,"column":34}},"type":"binary-expr","locations":[{"start":{"line":3,"column":13},"end":{"line":3,"column":27}},{"start":{"line":3,"column":31},"end":{"line":3,"column":34}}],"line":3},"1":{"loc":{"start":{"line":5,"column":13},"end":{"line":5,"column":44}},"type":"binary-expr","locations":[{"start":{"line":5,"column":13},"end":{"line":5,"column":24}},{"start":{"line":5,"column":28},"end":{"line":5,"column":44}}],"line":5}},"s":{"0":5,"1":0,"2":0},"f":{"0":0},"b":{"0":[0,0],"1":[0,0]},"_coverageSchema":"1a1c01bbd47fc00a2c39e90264f33305004495a9","hash":"ecd6c1dcd33e412865895b530788bf1d0544ebd8"}
,"/Users/zeinabtoure/Desktop/zeycake/backend/src/middleware/upload.js": {"path":"/Users/zeinabtoure/Desktop/zeycake/backend/src/middleware/upload.js","statementMap":{"0":{"start":{"line":3,"column":15},"end":{"line":3,"column":32}},"1":{"start":{"line":4,"column":13},"end":{"line":4,"column":28}},"2":{"start":{"line":6,"column":16},"end":{"line":14,"column":2}},"3":{"start":{"line":8,"column":4},"end":{"line":8,"column":25}},"4":{"start":{"line":11,"column":25},"end":{"line":11,"column":63}},"5":{"start":{"line":12,"column":4},"end":{"line":12,"column":27}},"6":{"start":{"line":16,"column":15},"end":{"line":16,"column":34}},"7":{"start":{"line":18,"column":0},"end":{"line":18,"column":24}}},"fnMap":{"0":{"name":"(anonymous_0)","decl":{"start":{"line":7,"column":15},"end":{"line":7,"column":16}},"loc":{"start":{"line":7,"column":34},"end":{"line":9,"column":3}},"line":7},"1":{"name":"(anonymous_1)","decl":{"start":{"line":10,"column":12},"end":{"line":10,"column":13}},"loc":{"start":{"line":10,"column":31},"end":{"line":13,"column":3}},"line":10}},"branchMap":{},"s":{"0":5,"1":5,"2":5,"3":0,"4":0,"5":0,"6":5,"7":5},"f":{"0":0,"1":0},"b":{},"_coverageSchema":"1a1c01bbd47fc00a2c39e90264f33305004495a9","hash":"868b7d8c3ae13381f6e4050f39cf0201eed13a18"}
,"/Users/zeinabtoure/Desktop/zeycake/backend/src/middleware/validation.js": {"path":"/Users/zeinabtoure/Desktop/zeycake/backend/src/middleware/validation.js","statementMap":{"0":{"start":{"line":2,"column":12},"end":{"line":2,"column":26}},"1":{"start":{"line":5,"column":16},"end":{"line":58,"column":1}},"2":{"start":{"line":61,"column":21},"end":{"line":69,"column":1}},"3":{"start":{"line":62,"column":2},"end":{"line":68,"column":4}},"4":{"start":{"line":63,"column":19},"end":{"line":63,"column":44}},"5":{"start":{"line":64,"column":4},"end":{"line":66,"column":5}},"6":{"start":{"line":65,"column":6},"end":{"line":65,"column":80}},"7":{"start":{"line":67,"column":4},"end":{"line":67,"column":11}},"8":{"start":{"line":71,"column":23},"end":{"line":79,"column":1}},"9":{"start":{"line":72,"column":2},"end":{"line":78,"column":4}},"10":{"start":{"line":73,"column":19},"end":{"line":73,"column":46}},"11":{"start":{"line":74,"column":4},"end":{"line":76,"column":5}},"12":{"start":{"line":75,"column":6},"end":{"line":75,"column":80}},"13":{"start":{"line":77,"column":4},"end":{"line":77,"column":11}},"14":{"start":{"line":81,"column":0},"end":{"line":85,"column":2}}},"fnMap":{"0":{"name":"(anonymous_0)","decl":{"start":{"line":61,"column":21},"end":{"line":61,"column":22}},"loc":{"start":{"line":61,"column":33},"end":{"line":69,"column":1}},"line":61},"1":{"name":"(anonymous_1)","decl":{"start":{"line":62,"column":9},"end":{"line":62,"column":10}},"loc":{"start":{"line":62,"column":29},"end":{"line":68,"column":3}},"line":62},"2":{"name":"(anonymous_2)","decl":{"start":{"line":71,"column":23},"end":{"line":71,"column":24}},"loc":{"start":{"line":71,"column":35},"end":{"line":79,"column":1}},"line":71},"3":{"name":"(anonymous_3)","decl":{"start":{"line":72,"column":9},"end":{"line":72,"column":10}},"loc":{"start":{"line":72,"column":29},"end":{"line":78,"column":3}},"line":72}},"branchMap":{"0":{"loc":{"start":{"line":64,"column":4},"end":{"line":66,"column":5}},"type":"if","locations":[{"start":{"line":64,"column":4},"end":{"line":66,"column":5}},{"start":{},"end":{}}],"line":64},"1":{"loc":{"start":{"line":74,"column":4},"end":{"line":76,"column":5}},"type":"if","locations":[{"start":{"line":74,"column":4},"end":{"line":76,"column":5}},{"start":{},"end":{}}],"line":74}},"s":{"0":5,"1":5,"2":5,"3":0,"4":0,"5":0,"6":0,"7":0,"8":5,"9":50,"10":16,"11":16,"12":5,"13":11,"14":5},"f":{"0":0,"1":0,"2":50,"3":16},"b":{"0":[0,0],"1":[5,11]},"_coverageSchema":"1a1c01bbd47fc00a2c39e90264f33305004495a9","hash":"c0a6781bfdba44dd80ffa9e8ae3fa43a76bf3f15"}
,"/Users/zeinabtoure/Desktop/zeycake/backend/src/models/commandes.js": {"path":"/Users/zeinabtoure/Desktop/zeycake/backend/src/models/commandes.js","statementMap":{"0":{"start":{"line":2,"column":17},"end":{"line":2,"column":36}},"1":{"start":{"line":3,"column":19},"end":{"line":3,"column":27}},"2":{"start":{"line":5,"column":23},"end":{"line":15,"column":24}},"3":{"start":{"line":17,"column":0},"end":{"line":17,"column":60}}},"fnMap":{},"branchMap":{},"s":{"0":5,"1":5,"2":5,"3":5},"f":{},"b":{},"_coverageSchema":"1a1c01bbd47fc00a2c39e90264f33305004495a9","hash":"865906e09a3ef628a483e7789ce530227a5e95d5"}
,"/Users/zeinabtoure/Desktop/zeycake/backend/src/models/ingredients.js": {"path":"/Users/zeinabtoure/Desktop/zeycake/backend/src/models/ingredients.js","statementMap":{"0":{"start":{"line":2,"column":17},"end":{"line":2,"column":36}},"1":{"start":{"line":3,"column":19},"end":{"line":3,"column":27}},"2":{"start":{"line":5,"column":25},"end":{"line":12,"column":24}},"3":{"start":{"line":14,"column":0},"end":{"line":14,"column":64}}},"fnMap":{},"branchMap":{},"s":{"0":5,"1":5,"2":5,"3":5},"f":{},"b":{},"_coverageSchema":"1a1c01bbd47fc00a2c39e90264f33305004495a9","hash":"ec0b0f9e6b49e90b6a250b13cd5b2a82e94ba116"}
,"/Users/zeinabtoure/Desktop/zeycake/backend/src/models/produits.js": {"path":"/Users/zeinabtoure/Desktop/zeycake/backend/src/models/produits.js","statementMap":{"0":{"start":{"line":2,"column":17},"end":{"line":2,"column":36}},"1":{"start":{"line":3,"column":19},"end":{"line":3,"column":27}},"2":{"start":{"line":5,"column":22},"end":{"line":16,"column":24}},"3":{"start":{"line":18,"column":0},"end":{"line":18,"column":58}}},"fnMap":{},"branchMap":{},"s":{"0":5,"1":5,"2":5,"3":5},"f":{},"b":{},"_coverageSchema":"1a1c01bbd47fc00a2c39e90264f33305004495a9","hash":"160b432361987c80e670e1f61e0bdbc74026830a"}
,"/Users/zeinabtoure/Desktop/zeycake/backend/src/models/user.js": {"path":"/Users/zeinabtoure/Desktop/zeycake/backend/src/models/user.js","statementMap":{"0":{"start":{"line":2,"column":17},"end":{"line":2,"column":36}},"1":{"start":{"line":3,"column":19},"end":{"line":3,"column":27}},"2":{"start":{"line":5,"column":19},"end":{"line":11,"column":24}},"3":{"start":{"line":13,"column":0},"end":{"line":13,"column":52}}},"fnMap":{},"branchMap":{},"s":{"0":5,"1":5,"2":5,"3":5},"f":{},"b":{},"_coverageSchema":"1a1c01bbd47fc00a2c39e90264f33305004495a9","hash":"1e657b3bca2200043a6c8e646b0bb13ab42c1ee6"}
,"/Users/zeinabtoure/Desktop/zeycake/backend/src/routes/authRoutes.js": {"path":"/Users/zeinabtoure/Desktop/zeycake/backend/src/routes/authRoutes.js","statementMap":{"0":{"start":{"line":2,"column":16},"end":{"line":2,"column":34}},"1":{"start":{"line":3,"column":15},"end":{"line":3,"column":31}},"2":{"start":{"line":4,"column":23},"end":{"line":4,"column":63}},"3":{"start":{"line":5,"column":14},"end":{"line":5,"column":44}},"4":{"start":{"line":7,"column":0},"end":{"line":7,"column":50}},"5":{"start":{"line":10,"column":0},"end":{"line":10,"column":44}},"6":{"start":{"line":12,"column":0},"end":{"line":12,"column":24}}},"fnMap":{},"branchMap":{},"s":{"0":5,"1":5,"2":5,"3":5,"4":5,"5":5,"6":5},"f":{},"b":{},"_coverageSchema":"1a1c01bbd47fc00a2c39e90264f33305004495a9","hash":"712e881d5d0f8bd814ee1cb7c0bbb1d1e1d0e0ec"}
,"/Users/zeinabtoure/Desktop/zeycake/backend/src/routes/commandes.js": {"path":"/Users/zeinabtoure/Desktop/zeycake/backend/src/routes/commandes.js","statementMap":{"0":{"start":{"line":2,"column":30},"end":{"line":2,"column":48}},"1":{"start":{"line":3,"column":30},"end":{"line":3,"column":46}},"2":{"start":{"line":4,"column":30},"end":{"line":4,"column":75}},"3":{"start":{"line":5,"column":30},"end":{"line":5,"column":63}},"4":{"start":{"line":6,"column":30},"end":{"line":6,"column":60}},"5":{"start":{"line":7,"column":36},"end":{"line":7,"column":71}},"6":{"start":{"line":10,"column":0},"end":{"line":14,"column":2}},"7":{"start":{"line":17,"column":0},"end":{"line":21,"column":2}},"8":{"start":{"line":24,"column":0},"end":{"line":29,"column":2}},"9":{"start":{"line":32,"column":0},"end":{"line":37,"column":2}},"10":{"start":{"line":40,"column":0},"end":{"line":46,"column":2}},"11":{"start":{"line":49,"column":0},"end":{"line":54,"column":2}},"12":{"start":{"line":56,"column":0},"end":{"line":56,"column":24}}},"fnMap":{},"branchMap":{},"s":{"0":5,"1":5,"2":5,"3":5,"4":5,"5":5,"6":5,"7":5,"8":5,"9":5,"10":5,"11":5,"12":5},"f":{},"b":{},"_coverageSchema":"1a1c01bbd47fc00a2c39e90264f33305004495a9","hash":"3f8ca18c828f4633c0ff47a6c18e73f5464e03d3"}
,"/Users/zeinabtoure/Desktop/zeycake/backend/src/routes/ingredients.js": {"path":"/Users/zeinabtoure/Desktop/zeycake/backend/src/routes/ingredients.js","statementMap":{"0":{"start":{"line":1,"column":16},"end":{"line":1,"column":34}},"1":{"start":{"line":2,"column":30},"end":{"line":2,"column":77}},"2":{"start":{"line":3,"column":15},"end":{"line":3,"column":31}},"3":{"start":{"line":6,"column":0},"end":{"line":6,"column":57}},"4":{"start":{"line":9,"column":0},"end":{"line":9,"column":57}},"5":{"start":{"line":12,"column":0},"end":{"line":12,"column":60}},"6":{"start":{"line":15,"column":0},"end":{"line":15,"column":59}},"7":{"start":{"line":18,"column":0},"end":{"line":18,"column":62}},"8":{"start":{"line":20,"column":0},"end":{"line":20,"column":24}}},"fnMap":{},"branchMap":{},"s":{"0":5,"1":5,"2":5,"3":5,"4":5,"5":5,"6":5,"7":5,"8":5},"f":{},"b":{},"_coverageSchema":"1a1c01bbd47fc00a2c39e90264f33305004495a9","hash":"45062353474d75c8bc8d66b38e07d784f4aeaaaa"}
,"/Users/zeinabtoure/Desktop/zeycake/backend/src/routes/produits.js": {"path":"/Users/zeinabtoure/Desktop/zeycake/backend/src/routes/produits.js","statementMap":{"0":{"start":{"line":2,"column":16},"end":{"line":2,"column":34}},"1":{"start":{"line":3,"column":36},"end":{"line":3,"column":71}},"2":{"start":{"line":4,"column":27},"end":{"line":4,"column":71}},"3":{"start":{"line":5,"column":15},"end":{"line":5,"column":31}},"4":{"start":{"line":6,"column":18},"end":{"line":6,"column":51}},"5":{"start":{"line":7,"column":18},"end":{"line":7,"column":48}},"6":{"start":{"line":8,"column":15},"end":{"line":8,"column":46}},"7":{"start":{"line":11,"column":0},"end":{"line":11,"column":51}},"8":{"start":{"line":14,"column":0},"end":{"line":14,"column":64}},"9":{"start":{"line":17,"column":0},"end":{"line":17,"column":82}},"10":{"start":{"line":20,"column":0},"end":{"line":30,"column":2}},"11":{"start":{"line":24,"column":4},"end":{"line":26,"column":5}},"12":{"start":{"line":25,"column":6},"end":{"line":25,"column":52}},"13":{"start":{"line":27,"column":4},"end":{"line":27,"column":11}},"14":{"start":{"line":33,"column":0},"end":{"line":44,"column":2}},"15":{"start":{"line":38,"column":4},"end":{"line":40,"column":5}},"16":{"start":{"line":39,"column":6},"end":{"line":39,"column":52}},"17":{"start":{"line":41,"column":4},"end":{"line":41,"column":11}},"18":{"start":{"line":47,"column":0},"end":{"line":47,"column":84}},"19":{"start":{"line":50,"column":0},"end":{"line":50,"column":66}},"20":{"start":{"line":52,"column":0},"end":{"line":52,"column":24}}},"fnMap":{"0":{"name":"(anonymous_0)","decl":{"start":{"line":23,"column":2},"end":{"line":23,"column":3}},"loc":{"start":{"line":23,"column":22},"end":{"line":28,"column":3}},"line":23},"1":{"name":"(anonymous_1)","decl":{"start":{"line":37,"column":2},"end":{"line":37,"column":3}},"loc":{"start":{"line":37,"column":22},"end":{"line":42,"column":3}},"line":37}},"branchMap":{"0":{"loc":{"start":{"line":24,"column":4},"end":{"line":26,"column":5}},"type":"if","locations":[{"start":{"line":24,"column":4},"end":{"line":26,"column":5}},{"start":{},"end":{}}],"line":24},"1":{"loc":{"start":{"line":38,"column":4},"end":{"line":40,"column":5}},"type":"if","locations":[{"start":{"line":38,"column":4},"end":{"line":40,"column":5}},{"start":{},"end":{}}],"line":38}},"s":{"0":5,"1":5,"2":5,"3":5,"4":5,"5":5,"6":5,"7":5,"8":5,"9":5,"10":5,"11":1,"12":0,"13":1,"14":5,"15":1,"16":0,"17":1,"18":5,"19":5,"20":5},"f":{"0":1,"1":1},"b":{"0":[0,1],"1":[0,1]},"_coverageSchema":"1a1c01bbd47fc00a2c39e90264f33305004495a9","hash":"7c4e52dc5f10c07e0848ff6662d5041533a7070b"}
,"/Users/zeinabtoure/Desktop/zeycake/backend/src/routes/userRoutes.js": {"path":"/Users/zeinabtoure/Desktop/zeycake/backend/src/routes/userRoutes.js","statementMap":{"0":{"start":{"line":2,"column":23},"end":{"line":2,"column":41}},"1":{"start":{"line":3,"column":23},"end":{"line":3,"column":39}},"2":{"start":{"line":4,"column":23},"end":{"line":4,"column":56}},"3":{"start":{"line":5,"column":36},"end":{"line":5,"column":71}},"4":{"start":{"line":6,"column":23},"end":{"line":6,"column":63}},"5":{"start":{"line":8,"column":0},"end":{"line":12,"column":85}},"6":{"start":{"line":14,"column":0},"end":{"line":14,"column":24}}},"fnMap":{},"branchMap":{},"s":{"0":5,"1":5,"2":5,"3":5,"4":5,"5":5,"6":5},"f":{},"b":{},"_coverageSchema":"1a1c01bbd47fc00a2c39e90264f33305004495a9","hash":"4dbd5afb29994179972a35315c01730cc681cc4f"}
}
