TN:
SF:src/controllers/authController.js
FN:7,(anonymous_0)
FN:39,(anonymous_1)
FNF:2
FNH:2
FNDA:8,(anonymous_0)
FNDA:7,(anonymous_1)
DA:2,5
DA:3,5
DA:4,5
DA:5,5
DA:7,5
DA:8,8
DA:9,8
DA:11,8
DA:12,8
DA:13,3
DA:16,5
DA:18,5
DA:26,5
DA:28,5
DA:35,0
DA:39,5
DA:40,7
DA:41,7
DA:45,7
DA:46,7
DA:47,1
DA:49,6
DA:50,6
DA:51,1
DA:53,5
DA:60,5
DA:70,0
LF:27
LH:25
BRDA:12,0,0,3
BRDA:12,0,1,5
BRDA:23,1,0,5
BRDA:23,1,1,5
BRDA:46,2,0,1
BRDA:46,2,1,6
BRDA:50,3,0,1
BRDA:50,3,1,5
BRDA:56,4,0,5
BRDA:56,4,1,0
BRF:10
BRH:9
end_of_record
TN:
SF:src/controllers/commandesController.js
FN:5,(anonymous_0)
FN:18,(anonymous_1)
FN:27,(anonymous_2)
FN:43,(anonymous_3)
FN:63,(anonymous_4)
FN:80,(anonymous_5)
FNF:6
FNH:5
FNDA:1,(anonymous_0)
FNDA:1,(anonymous_1)
FNDA:3,(anonymous_2)
FNDA:1,(anonymous_3)
FNDA:1,(anonymous_4)
FNDA:0,(anonymous_5)
DA:2,5
DA:3,5
DA:5,5
DA:6,1
DA:7,1
DA:11,1
DA:12,1
DA:14,0
DA:18,5
DA:19,1
DA:20,1
DA:21,1
DA:23,0
DA:27,5
DA:28,3
DA:29,3
DA:30,0
DA:32,3
DA:33,3
DA:34,3
DA:35,2
DA:37,1
DA:39,0
DA:43,5
DA:44,1
DA:45,1
DA:46,0
DA:48,1
DA:49,1
DA:54,1
DA:55,0
DA:57,1
DA:59,0
DA:63,5
DA:64,1
DA:65,1
DA:66,0
DA:68,1
DA:69,1
DA:70,1
DA:71,0
DA:73,1
DA:74,1
DA:76,0
DA:80,5
DA:81,0
DA:82,0
DA:83,0
DA:88,0
DA:89,0
DA:91,0
LF:51
LH:35
BRDA:29,0,0,0
BRDA:29,0,1,3
BRDA:34,1,0,2
BRDA:34,1,1,1
BRDA:45,2,0,0
BRDA:45,2,1,1
BRDA:54,3,0,0
BRDA:54,3,1,1
BRDA:65,4,0,0
BRDA:65,4,1,1
BRDA:70,5,0,0
BRDA:70,5,1,1
BRDA:88,6,0,0
BRDA:88,6,1,0
BRF:14
BRH:7
end_of_record
TN:
SF:src/controllers/ingredientsController.js
FN:5,(anonymous_0)
FN:9,(anonymous_1)
FN:22,(anonymous_2)
FN:38,(anonymous_3)
FN:61,(anonymous_4)
FN:84,(anonymous_5)
FNF:6
FNH:6
FNDA:1,(anonymous_0)
FNDA:1,(anonymous_1)
FNDA:4,(anonymous_2)
FNDA:1,(anonymous_3)
FNDA:2,(anonymous_4)
FNDA:1,(anonymous_5)
DA:2,5
DA:5,5
DA:6,1
DA:7,1
DA:9,1
DA:10,1
DA:11,1
DA:12,1
DA:13,1
DA:15,1
DA:17,0
DA:22,5
DA:23,4
DA:24,4
DA:25,3
DA:26,1
DA:29,1
DA:30,1
DA:32,0
DA:38,5
DA:39,1
DA:40,1
DA:41,1
DA:49,1
DA:50,1
DA:51,1
DA:52,1
DA:53,1
DA:55,0
DA:56,0
DA:61,5
DA:62,2
DA:63,2
DA:65,2
DA:66,2
DA:67,2
DA:69,2
DA:70,1
DA:71,1
DA:72,1
DA:73,1
DA:74,1
DA:76,1
DA:77,1
DA:79,0
DA:84,5
DA:85,1
DA:86,1
DA:87,1
DA:88,1
DA:90,0
DA:91,0
DA:93,0
LF:53
LH:45
BRDA:25,0,0,2
BRDA:25,0,1,1
BRDA:29,1,0,1
BRDA:29,1,1,0
BRDA:44,2,0,1
BRDA:44,2,1,1
BRDA:45,3,0,1
BRDA:45,3,1,0
BRDA:46,4,0,1
BRDA:46,4,1,1
BRDA:47,5,0,1
BRDA:47,5,1,1
BRDA:65,6,0,2
BRDA:65,6,1,0
BRDA:70,7,0,0
BRDA:70,7,1,1
BRDA:76,8,0,1
BRDA:76,8,1,0
BRDA:87,9,0,0
BRDA:87,9,1,1
BRDA:90,10,0,0
BRDA:90,10,1,0
BRF:22
BRH:14
end_of_record
TN:
SF:src/controllers/produitsController.js
FN:5,(anonymous_0)
FN:17,(anonymous_1)
FN:32,(anonymous_2)
FN:44,(anonymous_3)
FN:56,(anonymous_4)
FN:102,(anonymous_5)
FN:130,(anonymous_6)
FNF:7
FNH:5
FNDA:1,(anonymous_0)
FNDA:2,(anonymous_1)
FNDA:0,(anonymous_2)
FNDA:0,(anonymous_3)
FNDA:1,(anonymous_4)
FNDA:1,(anonymous_5)
FNDA:1,(anonymous_6)
DA:3,5
DA:5,5
DA:6,1
DA:7,1
DA:8,1
DA:10,0
DA:17,5
DA:18,2
DA:19,2
DA:20,2
DA:21,2
DA:23,0
DA:25,0
DA:32,5
DA:33,0
DA:34,0
DA:35,0
DA:37,0
DA:44,5
DA:45,0
DA:46,0
DA:47,0
DA:49,0
DA:56,5
DA:57,1
DA:68,1
DA:70,1
DA:71,1
DA:73,1
DA:86,1
DA:88,1
DA:95,0
DA:102,5
DA:103,1
DA:104,1
DA:105,1
DA:107,1
DA:113,1
DA:114,0
DA:117,1
DA:123,0
DA:130,5
DA:131,1
DA:132,1
DA:133,1
DA:134,0
DA:137,1
DA:139,0
LF:48
LH:32
BRDA:20,0,0,2
BRDA:20,0,1,0
BRDA:70,1,0,1
BRDA:70,1,1,1
BRDA:71,2,0,0
BRDA:71,2,1,1
BRDA:105,3,0,0
BRDA:105,3,1,1
BRDA:113,4,0,0
BRDA:113,4,1,1
BRDA:133,5,0,0
BRDA:133,5,1,1
BRF:12
BRH:7
end_of_record
TN:
SF:src/controllers/userController.js
FN:5,(anonymous_0)
FN:14,(anonymous_1)
FN:30,(anonymous_2)
FN:49,(anonymous_3)
FNF:4
FNH:2
FNDA:1,(anonymous_0)
FNDA:2,(anonymous_1)
FNDA:0,(anonymous_2)
FNDA:0,(anonymous_3)
DA:2,5
DA:3,5
DA:5,5
DA:6,1
DA:7,1
DA:8,1
DA:10,0
DA:14,5
DA:15,2
DA:16,2
DA:17,0
DA:19,2
DA:20,2
DA:21,2
DA:22,1
DA:24,1
DA:26,0
DA:30,5
DA:31,0
DA:32,0
DA:33,0
DA:35,0
DA:36,0
DA:40,0
DA:41,0
DA:43,0
DA:45,0
DA:49,5
DA:50,0
DA:52,0
DA:53,0
DA:56,0
DA:57,0
DA:58,0
DA:61,0
DA:62,0
DA:65,0
DA:66,0
LF:38
LH:16
BRDA:16,0,0,0
BRDA:16,0,1,2
BRDA:21,1,0,1
BRDA:21,1,1,1
BRDA:32,2,0,0
BRDA:32,2,1,0
BRDA:40,3,0,0
BRDA:40,3,1,0
BRDA:52,4,0,0
BRDA:52,4,1,0
BRDA:57,5,0,0
BRDA:57,5,1,0
BRDA:61,6,0,0
BRDA:61,6,1,0
BRF:14
BRH:3
end_of_record
